This file contains any messages produced by compilers while
running configure, to aid debugging if configure makes a mistake.

It was created by tcpdump configure 4.99.1, which was
generated by GNU Autoconf 2.69.  Invocation command line was

  $ ./configure 

## --------- ##
## Platform. ##
## --------- ##

hostname = lubet12
uname -m = x86_64
uname -r = 21.1.0
uname -s = Darwin
uname -v = Darwin Kernel Version 21.1.0: Wed Oct 13 17:33:22 PDT 2021; root:xnu-8019.41.5~1/DEVELOPMENT_X86_64

/usr/bin/uname -p = i386
/bin/uname -X     = unknown

/bin/arch              = unknown
/usr/bin/arch -k       = unknown
/usr/convex/getsysinfo = unknown
/usr/bin/hostinfo      = Mach kernel version:
	 Darwin Kernel Version 21.1.0: Wed Oct 13 17:33:22 PDT 2021; root:xnu-8019.41.5~1/DEVELOPMENT_X86_64
Kernel configured for up to 12 processors.
6 processors are physically available.
12 processors are logically available.
Processor type: x86_64h (Intel x86-64h Haswell)
Processors active: 0 1 2 3 4 5 6 7 8 9 10 11
Primary memory available: 32.00 gigabytes
Default processor set: 584 tasks, 2005 threads, 12 processors
Load average: 1.31, Mach factor: 10.68
/bin/machine           = unknown
/usr/bin/oslevel       = unknown
/bin/universe          = unknown

PATH: /Users/local/.xclink/bin
PATH: /opt/local/bin
PATH: /opt/local/sbin
PATH: /Users/local/bin
PATH: /usr/local/bin
PATH: /usr/bin
PATH: /bin
PATH: /usr/sbin
PATH: /sbin
PATH: /opt/appleinternal/bin
PATH: /opt/apple/bin
PATH: /usr/appleinternal/bin
PATH: /private/var/tanuki
PATH: /opt/xbs/bin
PATH: /opt/X11/bin
PATH: /Library/Apple/usr/bin
PATH: /Applications/Wireshark.app/Contents/MacOS
PATH: ~/Library/Application Support/PurpleSerf/purpleserf/bin
PATH: ~/Library/Python/2.7/bin
PATH: /Users/local/Library/Application Support/PurpleSerf/purpleserf/bin


## ----------- ##
## Core tests. ##
## ----------- ##

configure:2290: checking build system type
configure:2304: result: x86_64-apple-darwin21.1.0
configure:2324: checking host system type
configure:2337: result: x86_64-apple-darwin21.1.0
configure:2482: checking for gcc
configure:2498: found /usr/bin/gcc
configure:2509: result: gcc
configure:2738: checking for C compiler version
configure:2747: gcc --version >&5
Apple clang version 13.0.0 (clang-1300.0.29.3)
Target: x86_64-apple-darwin21.1.0
Thread model: posix
InstalledDir: /Applications/Xcode3.app/Contents/Developer/Toolchains/XcodeDefault.xctoolchain/usr/bin
Configured with: --prefix=/Applications/Xcode3.app/Contents/Developer/usr --with-gxx-include-dir=/Library/Developer/CommandLineTools/SDKs/MacOSX12.0.sdk/usr/include/c++/4.2.1
configure:2758: $? = 0
configure:2747: gcc -v >&5
Configured with: --prefix=/Applications/Xcode3.app/Contents/Developer/usr --with-gxx-include-dir=/Library/Developer/CommandLineTools/SDKs/MacOSX12.0.sdk/usr/include/c++/4.2.1
Apple clang version 13.0.0 (clang-1300.0.29.3)
Target: x86_64-apple-darwin21.1.0
Thread model: posix
InstalledDir: /Applications/Xcode3.app/Contents/Developer/Toolchains/XcodeDefault.xctoolchain/usr/bin
configure:2758: $? = 0
configure:2747: gcc -V >&5
clang: error: argument to '-V' is missing (expected 1 value)
clang: error: no input files
configure:2758: $? = 1
configure:2747: gcc -qversion >&5
clang: error: unknown argument '-qversion'; did you mean '--version'?
clang: error: no input files
configure:2758: $? = 1
configure:2778: checking whether the C compiler works
configure:2800: gcc    conftest.c  >&5
configure:2804: $? = 0
configure:2852: result: yes
configure:2855: checking for C compiler default output file name
configure:2857: result: a.out
configure:2863: checking for suffix of executables
configure:2870: gcc -o conftest    conftest.c  >&5
configure:2874: $? = 0
configure:2896: result: 
configure:2918: checking whether we are cross compiling
configure:2926: gcc -o conftest    conftest.c  >&5
configure:2930: $? = 0
configure:2937: ./conftest
configure:2941: $? = 0
configure:2956: result: no
configure:2961: checking for suffix of object files
configure:2983: gcc -c   conftest.c >&5
configure:2987: $? = 0
configure:3008: result: o
configure:3012: checking whether we are using the GNU C compiler
configure:3031: gcc -c   conftest.c >&5
configure:3031: $? = 0
configure:3040: result: yes
configure:3049: checking whether gcc accepts -g
configure:3069: gcc -c -g  conftest.c >&5
configure:3069: $? = 0
configure:3110: result: yes
configure:3127: checking for gcc option to accept ISO C89
configure:3190: gcc  -c -g -O2  conftest.c >&5
configure:3190: $? = 0
configure:3203: result: none needed
configure:3223: checking for gcc option to accept ISO C99
configure:3372: gcc  -c -g -O2  conftest.c >&5
configure:3372: $? = 0
configure:3385: result: none needed
configure:3540: checking for inline
configure:3576: gcc -c   conftest.c >&5
configure:3576: $? = 0
configure:3591: result: inline
configure:3608: checking how to run the C preprocessor
configure:3639: gcc -E  conftest.c
configure:3639: $? = 0
configure:3653: gcc -E  conftest.c
conftest.c:10:10: fatal error: 'ac_nonexistent.h' file not found
#include <ac_nonexistent.h>
         ^~~~~~~~~~~~~~~~~~
1 error generated.
configure:3653: $? = 1
configure: failed program was:
| /* confdefs.h */
| #define PACKAGE_NAME "tcpdump"
| #define PACKAGE_TARNAME "tcpdump"
| #define PACKAGE_VERSION "4.99.1"
| #define PACKAGE_STRING "tcpdump 4.99.1"
| #define PACKAGE_BUGREPORT ""
| #define PACKAGE_URL ""
| #define inline inline
| /* end confdefs.h.  */
| #include <ac_nonexistent.h>
configure:3678: result: gcc -E
configure:3698: gcc -E  conftest.c
configure:3698: $? = 0
configure:3712: gcc -E  conftest.c
conftest.c:10:10: fatal error: 'ac_nonexistent.h' file not found
#include <ac_nonexistent.h>
         ^~~~~~~~~~~~~~~~~~
1 error generated.
configure:3712: $? = 1
configure: failed program was:
| /* confdefs.h */
| #define PACKAGE_NAME "tcpdump"
| #define PACKAGE_TARNAME "tcpdump"
| #define PACKAGE_VERSION "4.99.1"
| #define PACKAGE_STRING "tcpdump 4.99.1"
| #define PACKAGE_BUGREPORT ""
| #define PACKAGE_URL ""
| #define inline inline
| /* end confdefs.h.  */
| #include <ac_nonexistent.h>
configure:3741: checking for grep that handles long lines and -e
configure:3799: result: /usr/bin/grep
configure:3804: checking for egrep
configure:3866: result: /usr/bin/grep -E
configure:3871: checking for ANSI C header files
configure:3891: gcc -c -g -O2  conftest.c >&5
configure:3891: $? = 0
configure:3964: gcc -o conftest -g -O2   conftest.c  >&5
configure:3964: $? = 0
configure:3964: ./conftest
configure:3964: $? = 0
configure:3975: result: yes
configure:3988: checking for sys/types.h
configure:3988: gcc -c -g -O2  conftest.c >&5
configure:3988: $? = 0
configure:3988: result: yes
configure:3988: checking for sys/stat.h
configure:3988: gcc -c -g -O2  conftest.c >&5
configure:3988: $? = 0
configure:3988: result: yes
configure:3988: checking for stdlib.h
configure:3988: gcc -c -g -O2  conftest.c >&5
configure:3988: $? = 0
configure:3988: result: yes
configure:3988: checking for string.h
configure:3988: gcc -c -g -O2  conftest.c >&5
configure:3988: $? = 0
configure:3988: result: yes
configure:3988: checking for memory.h
configure:3988: gcc -c -g -O2  conftest.c >&5
configure:3988: $? = 0
configure:3988: result: yes
configure:3988: checking for strings.h
configure:3988: gcc -c -g -O2  conftest.c >&5
configure:3988: $? = 0
configure:3988: result: yes
configure:3988: checking for inttypes.h
configure:3988: gcc -c -g -O2  conftest.c >&5
configure:3988: $? = 0
configure:3988: result: yes
configure:3988: checking for stdint.h
configure:3988: gcc -c -g -O2  conftest.c >&5
configure:3988: $? = 0
configure:3988: result: yes
configure:3988: checking for unistd.h
configure:3988: gcc -c -g -O2  conftest.c >&5
configure:3988: $? = 0
configure:3988: result: yes
configure:4003: checking fcntl.h usability
configure:4003: gcc -c -g -O2  conftest.c >&5
configure:4003: $? = 0
configure:4003: result: yes
configure:4003: checking fcntl.h presence
configure:4003: gcc -E  conftest.c
configure:4003: $? = 0
configure:4003: result: yes
configure:4003: checking for fcntl.h
configure:4003: result: yes
configure:4003: checking rpc/rpc.h usability
configure:4003: gcc -c -g -O2  conftest.c >&5
configure:4003: $? = 0
configure:4003: result: yes
configure:4003: checking rpc/rpc.h presence
configure:4003: gcc -E  conftest.c
configure:4003: $? = 0
configure:4003: result: yes
configure:4003: checking for rpc/rpc.h
configure:4003: result: yes
configure:4003: checking rpc/rpcent.h usability
configure:4003: gcc -c -g -O2  conftest.c >&5
conftest.c:55:10: fatal error: 'rpc/rpcent.h' file not found
#include <rpc/rpcent.h>
         ^~~~~~~~~~~~~~
1 error generated.
configure:4003: $? = 1
configure: failed program was:
| /* confdefs.h */
| #define PACKAGE_NAME "tcpdump"
| #define PACKAGE_TARNAME "tcpdump"
| #define PACKAGE_VERSION "4.99.1"
| #define PACKAGE_STRING "tcpdump 4.99.1"
| #define PACKAGE_BUGREPORT ""
| #define PACKAGE_URL ""
| #define inline inline
| #define STDC_HEADERS 1
| #define HAVE_SYS_TYPES_H 1
| #define HAVE_SYS_STAT_H 1
| #define HAVE_STDLIB_H 1
| #define HAVE_STRING_H 1
| #define HAVE_MEMORY_H 1
| #define HAVE_STRINGS_H 1
| #define HAVE_INTTYPES_H 1
| #define HAVE_STDINT_H 1
| #define HAVE_UNISTD_H 1
| #define HAVE_FCNTL_H 1
| #define HAVE_RPC_RPC_H 1
| /* end confdefs.h.  */
| #include <stdio.h>
| #ifdef HAVE_SYS_TYPES_H
| # include <sys/types.h>
| #endif
| #ifdef HAVE_SYS_STAT_H
| # include <sys/stat.h>
| #endif
| #ifdef STDC_HEADERS
| # include <stdlib.h>
| # include <stddef.h>
| #else
| # ifdef HAVE_STDLIB_H
| #  include <stdlib.h>
| # endif
| #endif
| #ifdef HAVE_STRING_H
| # if !defined STDC_HEADERS && defined HAVE_MEMORY_H
| #  include <memory.h>
| # endif
| # include <string.h>
| #endif
| #ifdef HAVE_STRINGS_H
| # include <strings.h>
| #endif
| #ifdef HAVE_INTTYPES_H
| # include <inttypes.h>
| #endif
| #ifdef HAVE_STDINT_H
| # include <stdint.h>
| #endif
| #ifdef HAVE_UNISTD_H
| # include <unistd.h>
| #endif
| #include <rpc/rpcent.h>
configure:4003: result: no
configure:4003: checking rpc/rpcent.h presence
configure:4003: gcc -E  conftest.c
conftest.c:22:10: fatal error: 'rpc/rpcent.h' file not found
#include <rpc/rpcent.h>
         ^~~~~~~~~~~~~~
1 error generated.
configure:4003: $? = 1
configure: failed program was:
| /* confdefs.h */
| #define PACKAGE_NAME "tcpdump"
| #define PACKAGE_TARNAME "tcpdump"
| #define PACKAGE_VERSION "4.99.1"
| #define PACKAGE_STRING "tcpdump 4.99.1"
| #define PACKAGE_BUGREPORT ""
| #define PACKAGE_URL ""
| #define inline inline
| #define STDC_HEADERS 1
| #define HAVE_SYS_TYPES_H 1
| #define HAVE_SYS_STAT_H 1
| #define HAVE_STDLIB_H 1
| #define HAVE_STRING_H 1
| #define HAVE_MEMORY_H 1
| #define HAVE_STRINGS_H 1
| #define HAVE_INTTYPES_H 1
| #define HAVE_STDINT_H 1
| #define HAVE_UNISTD_H 1
| #define HAVE_FCNTL_H 1
| #define HAVE_RPC_RPC_H 1
| /* end confdefs.h.  */
| #include <rpc/rpcent.h>
configure:4003: result: no
configure:4003: checking for rpc/rpcent.h
configure:4003: result: no
configure:4003: checking net/if.h usability
configure:4003: gcc -c -g -O2  conftest.c >&5
configure:4003: $? = 0
configure:4003: result: yes
configure:4003: checking net/if.h presence
configure:4003: gcc -E  conftest.c
configure:4003: $? = 0
configure:4003: result: yes
configure:4003: checking for net/if.h
configure:4003: result: yes
configure:4015: checking for net/pfvar.h
configure:4015: gcc -c -g -O2  conftest.c >&5
conftest.c:27:10: fatal error: 'net/pfvar.h' file not found
#include <net/pfvar.h>
         ^~~~~~~~~~~~~
1 error generated.
configure:4015: $? = 1
configure: failed program was:
| /* confdefs.h */
| #define PACKAGE_NAME "tcpdump"
| #define PACKAGE_TARNAME "tcpdump"
| #define PACKAGE_VERSION "4.99.1"
| #define PACKAGE_STRING "tcpdump 4.99.1"
| #define PACKAGE_BUGREPORT ""
| #define PACKAGE_URL ""
| #define inline inline
| #define STDC_HEADERS 1
| #define HAVE_SYS_TYPES_H 1
| #define HAVE_SYS_STAT_H 1
| #define HAVE_STDLIB_H 1
| #define HAVE_STRING_H 1
| #define HAVE_MEMORY_H 1
| #define HAVE_STRINGS_H 1
| #define HAVE_INTTYPES_H 1
| #define HAVE_STDINT_H 1
| #define HAVE_UNISTD_H 1
| #define HAVE_FCNTL_H 1
| #define HAVE_RPC_RPC_H 1
| #define HAVE_NET_IF_H 1
| /* end confdefs.h.  */
| #include <sys/types.h>
| #include <sys/socket.h>
| #include <net/if.h>
| 
| #include <net/pfvar.h>
configure:4015: result: no
configure:4094: checking smi.h usability
configure:4094: gcc -c -g -O2  conftest.c >&5
conftest.c:56:10: fatal error: 'smi.h' file not found
#include <smi.h>
         ^~~~~~~
1 error generated.
configure:4094: $? = 1
configure: failed program was:
| /* confdefs.h */
| #define PACKAGE_NAME "tcpdump"
| #define PACKAGE_TARNAME "tcpdump"
| #define PACKAGE_VERSION "4.99.1"
| #define PACKAGE_STRING "tcpdump 4.99.1"
| #define PACKAGE_BUGREPORT ""
| #define PACKAGE_URL ""
| #define inline inline
| #define STDC_HEADERS 1
| #define HAVE_SYS_TYPES_H 1
| #define HAVE_SYS_STAT_H 1
| #define HAVE_STDLIB_H 1
| #define HAVE_STRING_H 1
| #define HAVE_MEMORY_H 1
| #define HAVE_STRINGS_H 1
| #define HAVE_INTTYPES_H 1
| #define HAVE_STDINT_H 1
| #define HAVE_UNISTD_H 1
| #define HAVE_FCNTL_H 1
| #define HAVE_RPC_RPC_H 1
| #define HAVE_NET_IF_H 1
| /* end confdefs.h.  */
| #include <stdio.h>
| #ifdef HAVE_SYS_TYPES_H
| # include <sys/types.h>
| #endif
| #ifdef HAVE_SYS_STAT_H
| # include <sys/stat.h>
| #endif
| #ifdef STDC_HEADERS
| # include <stdlib.h>
| # include <stddef.h>
| #else
| # ifdef HAVE_STDLIB_H
| #  include <stdlib.h>
| # endif
| #endif
| #ifdef HAVE_STRING_H
| # if !defined STDC_HEADERS && defined HAVE_MEMORY_H
| #  include <memory.h>
| # endif
| # include <string.h>
| #endif
| #ifdef HAVE_STRINGS_H
| # include <strings.h>
| #endif
| #ifdef HAVE_INTTYPES_H
| # include <inttypes.h>
| #endif
| #ifdef HAVE_STDINT_H
| # include <stdint.h>
| #endif
| #ifdef HAVE_UNISTD_H
| # include <unistd.h>
| #endif
| #include <smi.h>
configure:4094: result: no
configure:4094: checking smi.h presence
configure:4094: gcc -E  conftest.c
conftest.c:23:10: fatal error: 'smi.h' file not found
#include <smi.h>
         ^~~~~~~
1 error generated.
configure:4094: $? = 1
configure: failed program was:
| /* confdefs.h */
| #define PACKAGE_NAME "tcpdump"
| #define PACKAGE_TARNAME "tcpdump"
| #define PACKAGE_VERSION "4.99.1"
| #define PACKAGE_STRING "tcpdump 4.99.1"
| #define PACKAGE_BUGREPORT ""
| #define PACKAGE_URL ""
| #define inline inline
| #define STDC_HEADERS 1
| #define HAVE_SYS_TYPES_H 1
| #define HAVE_SYS_STAT_H 1
| #define HAVE_STDLIB_H 1
| #define HAVE_STRING_H 1
| #define HAVE_MEMORY_H 1
| #define HAVE_STRINGS_H 1
| #define HAVE_INTTYPES_H 1
| #define HAVE_STDINT_H 1
| #define HAVE_UNISTD_H 1
| #define HAVE_FCNTL_H 1
| #define HAVE_RPC_RPC_H 1
| #define HAVE_NET_IF_H 1
| /* end confdefs.h.  */
| #include <smi.h>
configure:4094: result: no
configure:4094: checking for smi.h
configure:4094: result: no
configure:4213: checking whether to enable the possibly-buggy SMB printer
configure:4230: result: no
configure:4241: checking whether to drop root privileges by default
configure:4252: result: no
configure:4262: checking whether to chroot
configure:4273: result: no
configure:4407: checking whether to sandbox using capsicum
configure:4416: result: no
configure:4419: checking whether to sandbox using Casper library
configure:4428: result: no
configure:4442: checking for library containing gethostbyname
configure:4473: gcc -o conftest -g -O2   conftest.c  >&5
configure:4473: $? = 0
configure:4490: result: none required
configure:4543: checking for library containing socket
configure:4574: gcc -o conftest -g -O2   conftest.c  >&5
configure:4574: $? = 0
configure:4591: result: none required
configure:4641: checking for library containing putmsg
configure:4672: gcc -o conftest -g -O2   conftest.c  >&5
Undefined symbols for architecture x86_64:
  "_putmsg", referenced from:
      _main in conftest-19c4a8.o
ld: symbol(s) not found for architecture x86_64
clang: error: linker command failed with exit code 1 (use -v to see invocation)
configure:4672: $? = 1
configure: failed program was:
| /* confdefs.h */
| #define PACKAGE_NAME "tcpdump"
| #define PACKAGE_TARNAME "tcpdump"
| #define PACKAGE_VERSION "4.99.1"
| #define PACKAGE_STRING "tcpdump 4.99.1"
| #define PACKAGE_BUGREPORT ""
| #define PACKAGE_URL ""
| #define inline inline
| #define STDC_HEADERS 1
| #define HAVE_SYS_TYPES_H 1
| #define HAVE_SYS_STAT_H 1
| #define HAVE_STDLIB_H 1
| #define HAVE_STRING_H 1
| #define HAVE_MEMORY_H 1
| #define HAVE_STRINGS_H 1
| #define HAVE_INTTYPES_H 1
| #define HAVE_STDINT_H 1
| #define HAVE_UNISTD_H 1
| #define HAVE_FCNTL_H 1
| #define HAVE_RPC_RPC_H 1
| #define HAVE_NET_IF_H 1
| /* end confdefs.h.  */
| 
| /* Override any GCC internal prototype to avoid an error.
|    Use char because int might match the return type of a GCC
|    builtin and then its argument prototype would still apply.  */
| #ifdef __cplusplus
| extern "C"
| #endif
| char putmsg ();
| int
| main ()
| {
| return putmsg ();
|   ;
|   return 0;
| }
configure:4672: gcc -o conftest -g -O2   conftest.c -lstr   >&5
ld: library not found for -lstr
clang: error: linker command failed with exit code 1 (use -v to see invocation)
configure:4672: $? = 1
configure: failed program was:
| /* confdefs.h */
| #define PACKAGE_NAME "tcpdump"
| #define PACKAGE_TARNAME "tcpdump"
| #define PACKAGE_VERSION "4.99.1"
| #define PACKAGE_STRING "tcpdump 4.99.1"
| #define PACKAGE_BUGREPORT ""
| #define PACKAGE_URL ""
| #define inline inline
| #define STDC_HEADERS 1
| #define HAVE_SYS_TYPES_H 1
| #define HAVE_SYS_STAT_H 1
| #define HAVE_STDLIB_H 1
| #define HAVE_STRING_H 1
| #define HAVE_MEMORY_H 1
| #define HAVE_STRINGS_H 1
| #define HAVE_INTTYPES_H 1
| #define HAVE_STDINT_H 1
| #define HAVE_UNISTD_H 1
| #define HAVE_FCNTL_H 1
| #define HAVE_RPC_RPC_H 1
| #define HAVE_NET_IF_H 1
| /* end confdefs.h.  */
| 
| /* Override any GCC internal prototype to avoid an error.
|    Use char because int might match the return type of a GCC
|    builtin and then its argument prototype would still apply.  */
| #ifdef __cplusplus
| extern "C"
| #endif
| char putmsg ();
| int
| main ()
| {
| return putmsg ();
|   ;
|   return 0;
| }
configure:4689: result: no
configure:4705: checking whether the operating system supports IPv6
configure:4731: gcc -c -g -O2  conftest.c >&5
conftest.c:37:2: error: implicitly declaring library function 'memset' with type 'void *(void *, int, unsigned long)' [-Werror,-Wimplicit-function-declaration]
 memset(addr, 0, sizeof (struct in6_addr));
 ^
conftest.c:37:2: note: include the header <string.h> or explicitly provide a declaration for 'memset'
1 error generated.
configure:4731: $? = 1
configure: failed program was:
| /* confdefs.h */
| #define PACKAGE_NAME "tcpdump"
| #define PACKAGE_TARNAME "tcpdump"
| #define PACKAGE_VERSION "4.99.1"
| #define PACKAGE_STRING "tcpdump 4.99.1"
| #define PACKAGE_BUGREPORT ""
| #define PACKAGE_URL ""
| #define inline inline
| #define STDC_HEADERS 1
| #define HAVE_SYS_TYPES_H 1
| #define HAVE_SYS_STAT_H 1
| #define HAVE_STDLIB_H 1
| #define HAVE_STRING_H 1
| #define HAVE_MEMORY_H 1
| #define HAVE_STRINGS_H 1
| #define HAVE_INTTYPES_H 1
| #define HAVE_STDINT_H 1
| #define HAVE_UNISTD_H 1
| #define HAVE_FCNTL_H 1
| #define HAVE_RPC_RPC_H 1
| #define HAVE_NET_IF_H 1
| /* end confdefs.h.  */
| 
| 
| /* AF_INET6 available check */
| #include <sys/types.h>
| #ifdef _WIN32
| #include <ws2tcpip.h>
| #else
| #include <sys/socket.h>
| #include <netinet/in.h>
| #endif
| #ifdef AF_INET6
| void
| foo(struct in6_addr *addr)
| {
|  memset(addr, 0, sizeof (struct in6_addr));
| }
| #else
| #error "AF_INET6 not defined"
| #endif
| 
| 
configure:4742: result: no
configure:4893: checking for strlcat
configure:4893: gcc -o conftest -g -O2   conftest.c  >&5
conftest.c:46:6: warning: incompatible redeclaration of library function 'strlcat' [-Wincompatible-library-redeclaration]
char strlcat ();
     ^
conftest.c:46:6: note: 'strlcat' is a builtin with type 'unsigned long (char *, const char *, unsigned long)'
1 warning generated.
configure:4893: $? = 0
configure:4893: result: yes
configure:4906: checking for strlcpy
configure:4906: gcc -o conftest -g -O2   conftest.c  >&5
conftest.c:47:6: warning: incompatible redeclaration of library function 'strlcpy' [-Wincompatible-library-redeclaration]
char strlcpy ();
     ^
conftest.c:47:6: note: 'strlcpy' is a builtin with type 'unsigned long (char *, const char *, unsigned long)'
1 warning generated.
configure:4906: $? = 0
configure:4906: result: yes
configure:4919: checking for strdup
configure:4919: gcc -o conftest -g -O2   conftest.c  >&5
conftest.c:48:6: warning: incompatible redeclaration of library function 'strdup' [-Wincompatible-library-redeclaration]
char strdup ();
     ^
conftest.c:48:6: note: 'strdup' is a builtin with type 'char *(const char *)'
1 warning generated.
configure:4919: $? = 0
configure:4919: result: yes
configure:4932: checking for strsep
configure:4932: gcc -o conftest -g -O2   conftest.c  >&5
configure:4932: $? = 0
configure:4932: result: yes
configure:4945: checking for getservent
configure:4945: gcc -o conftest -g -O2   conftest.c  >&5
configure:4945: $? = 0
configure:4945: result: yes
configure:4958: checking for getopt_long
configure:4958: gcc -o conftest -g -O2   conftest.c  >&5
configure:4958: $? = 0
configure:4958: result: yes
configure:4975: checking for fork
configure:4975: gcc -o conftest -g -O2   conftest.c  >&5
configure:4975: $? = 0
configure:4975: result: yes
configure:4975: checking for vfork
configure:4975: gcc -o conftest -g -O2   conftest.c  >&5
conftest.c:53:6: warning: incompatible redeclaration of library function 'vfork' [-Wincompatible-library-redeclaration]
char vfork ();
     ^
conftest.c:53:6: note: 'vfork' is a builtin with type 'int (void)'
1 warning generated.
configure:4975: $? = 0
configure:4975: result: yes
configure:4975: checking for strftime
configure:4975: gcc -o conftest -g -O2   conftest.c  >&5
configure:4975: $? = 0
configure:4975: result: yes
configure:4986: checking for setlinebuf
configure:4986: gcc -o conftest -g -O2   conftest.c  >&5
configure:4986: $? = 0
configure:4986: result: yes
configure:4999: checking for vsnprintf
configure:4999: gcc -o conftest -g -O2   conftest.c  >&5
conftest.c:56:6: warning: incompatible redeclaration of library function 'vsnprintf' [-Wincompatible-library-redeclaration]
char vsnprintf ();
     ^
conftest.c:56:6: note: 'vsnprintf' is a builtin with type 'int (char *, unsigned long, const char *, struct __va_list_tag *)'
1 warning generated.
configure:4999: $? = 0
configure:4999: result: yes
configure:5006: checking for snprintf
configure:5006: gcc -o conftest -g -O2   conftest.c  >&5
conftest.c:56:6: warning: incompatible redeclaration of library function 'snprintf' [-Wincompatible-library-redeclaration]
char snprintf ();
     ^
conftest.c:56:6: note: 'snprintf' is a builtin with type 'int (char *, unsigned long, const char *, ...)'
1 warning generated.
configure:5006: $? = 0
configure:5006: result: yes
configure:5014: checking for main in -lrpc
configure:5033: gcc -o conftest -g -O2   conftest.c -lrpc   >&5
ld: library not found for -lrpc
clang: error: linker command failed with exit code 1 (use -v to see invocation)
configure:5033: $? = 1
configure: failed program was:
| /* confdefs.h */
| #define PACKAGE_NAME "tcpdump"
| #define PACKAGE_TARNAME "tcpdump"
| #define PACKAGE_VERSION "4.99.1"
| #define PACKAGE_STRING "tcpdump 4.99.1"
| #define PACKAGE_BUGREPORT ""
| #define PACKAGE_URL ""
| #define inline inline
| #define STDC_HEADERS 1
| #define HAVE_SYS_TYPES_H 1
| #define HAVE_SYS_STAT_H 1
| #define HAVE_STDLIB_H 1
| #define HAVE_STRING_H 1
| #define HAVE_MEMORY_H 1
| #define HAVE_STRINGS_H 1
| #define HAVE_INTTYPES_H 1
| #define HAVE_STDINT_H 1
| #define HAVE_UNISTD_H 1
| #define HAVE_FCNTL_H 1
| #define HAVE_RPC_RPC_H 1
| #define HAVE_NET_IF_H 1
| #define HAVE_STRLCAT 1
| #define HAVE_STRLCPY 1
| #define HAVE_STRDUP 1
| #define HAVE_STRSEP 1
| #define HAVE_GETSERVENT 1
| #define HAVE_GETOPT_LONG 1
| #define HAVE_FORK 1
| #define HAVE_VFORK 1
| #define HAVE_STRFTIME 1
| #define HAVE_SETLINEBUF 1
| /* end confdefs.h.  */
| 
| 
| int
| main ()
| {
| return main ();
|   ;
|   return 0;
| }
configure:5042: result: no
configure:5053: checking for library containing getrpcbynumber
configure:5084: gcc -o conftest -g -O2   conftest.c  >&5
configure:5084: $? = 0
configure:5101: result: none required
configure:5134: checking whether to look for a local libpcap
configure:5155: result: yes
configure:5160: checking for local pcap library
configure:5190: result: ../libpcap-1.10.1/libpcap.a
configure:5539: checking for pcap-config
configure:5557: found ../libpcap-1.10.1/pcap-config
configure:5569: result: ../libpcap-1.10.1/pcap-config
configure:5706: checking for pcap_loop
configure:5706: gcc -o conftest -g -O2   conftest.c ../libpcap-1.10.1/libpcap.a   >&5
configure:5706: $? = 0
configure:5706: result: yes
configure:5742: checking for ether_ntohost
configure:5742: gcc -o conftest -g -O2   conftest.c ../libpcap-1.10.1/libpcap.a   >&5
configure:5742: $? = 0
configure:5742: result: yes
configure:5748: checking for buggy ether_ntohost
configure:5776: gcc -o conftest -g -O2   conftest.c ../libpcap-1.10.1/libpcap.a   >&5
conftest.c:47:4: error: implicit declaration of function 'ether_ntohost' is invalid in C99 [-Werror,-Wimplicit-function-declaration]
                        ether_ntohost(name, (struct ether_addr *)ea);
                        ^
conftest.c:48:4: error: implicitly declaring library function 'exit' with type 'void (int) __attribute__((noreturn))' [-Werror,-Wimplicit-function-declaration]
                        exit(0);
                        ^
conftest.c:48:4: note: include the header <stdlib.h> or explicitly provide a declaration for 'exit'
2 errors generated.
configure:5776: $? = 1
configure: program exited with status 1
configure: failed program was:
| /* confdefs.h */
| #define PACKAGE_NAME "tcpdump"
| #define PACKAGE_TARNAME "tcpdump"
| #define PACKAGE_VERSION "4.99.1"
| #define PACKAGE_STRING "tcpdump 4.99.1"
| #define PACKAGE_BUGREPORT ""
| #define PACKAGE_URL ""
| #define inline inline
| #define STDC_HEADERS 1
| #define HAVE_SYS_TYPES_H 1
| #define HAVE_SYS_STAT_H 1
| #define HAVE_STDLIB_H 1
| #define HAVE_STRING_H 1
| #define HAVE_MEMORY_H 1
| #define HAVE_STRINGS_H 1
| #define HAVE_INTTYPES_H 1
| #define HAVE_STDINT_H 1
| #define HAVE_UNISTD_H 1
| #define HAVE_FCNTL_H 1
| #define HAVE_RPC_RPC_H 1
| #define HAVE_NET_IF_H 1
| #define HAVE_STRLCAT 1
| #define HAVE_STRLCPY 1
| #define HAVE_STRDUP 1
| #define HAVE_STRSEP 1
| #define HAVE_GETSERVENT 1
| #define HAVE_GETOPT_LONG 1
| #define HAVE_FORK 1
| #define HAVE_VFORK 1
| #define HAVE_STRFTIME 1
| #define HAVE_SETLINEBUF 1
| #define HAVE_GETRPCBYNUMBER 1
| #define HAVE_ETHER_NTOHOST 1
| /* end confdefs.h.  */
| 
| 		#include <netdb.h>
| 		#include <sys/types.h>
| 		#include <sys/param.h>
| 		#include <sys/socket.h>
| 
| 		int
| 		main(int argc, char **argv)
| 		{
| 			u_char ea[6] = { 0xff, 0xff, 0xff, 0xff, 0xff };
| 			char name[MAXHOSTNAMELEN];
| 
| 			ether_ntohost(name, (struct ether_addr *)ea);
| 			exit(0);
| 		}
| 
configure:5786: result: yes
configure:5977: checking for pcap_list_datalinks
configure:5977: gcc -o conftest -g -O2   conftest.c ../libpcap-1.10.1/libpcap.a   >&5
configure:5977: $? = 0
configure:5977: result: yes
configure:5985: checking for pcap_free_datalinks
configure:5985: gcc -o conftest -g -O2   conftest.c ../libpcap-1.10.1/libpcap.a   >&5
configure:5985: $? = 0
configure:5985: result: yes
configure:6007: checking for pcap_datalink_name_to_val
configure:6007: gcc -o conftest -g -O2   conftest.c ../libpcap-1.10.1/libpcap.a   >&5
configure:6007: $? = 0
configure:6007: result: yes
configure:6013: checking for pcap_datalink_val_to_description
configure:6013: gcc -o conftest -g -O2   conftest.c ../libpcap-1.10.1/libpcap.a   >&5
configure:6013: $? = 0
configure:6013: result: yes
configure:6044: checking for pcap_set_datalink
configure:6044: gcc -o conftest -g -O2   conftest.c ../libpcap-1.10.1/libpcap.a   >&5
configure:6044: $? = 0
configure:6044: result: yes
configure:6056: checking for pcap_breakloop
configure:6056: gcc -o conftest -g -O2   conftest.c ../libpcap-1.10.1/libpcap.a   >&5
configure:6056: $? = 0
configure:6056: result: yes
configure:6073: checking for pcap_create
configure:6073: gcc -o conftest -g -O2   conftest.c ../libpcap-1.10.1/libpcap.a   >&5
configure:6073: $? = 0
configure:6073: result: yes
configure:6089: checking for pcap_set_tstamp_type
configure:6089: gcc -o conftest -g -O2   conftest.c ../libpcap-1.10.1/libpcap.a   >&5
configure:6089: $? = 0
configure:6089: result: yes
configure:6104: checking for pcap_set_tstamp_precision
configure:6104: gcc -o conftest -g -O2   conftest.c ../libpcap-1.10.1/libpcap.a   >&5
configure:6104: $? = 0
configure:6104: result: yes
configure:6121: checking for pcap_findalldevs
configure:6121: gcc -o conftest -g -O2   conftest.c ../libpcap-1.10.1/libpcap.a   >&5
configure:6121: $? = 0
configure:6121: result: yes
configure:6133: checking for pcap_if_t
configure:6133: gcc -c -g -O2  -I../libpcap-1.10.1  conftest.c >&5
configure:6133: $? = 0
configure:6133: gcc -c -g -O2  -I../libpcap-1.10.1  conftest.c >&5
conftest.c:50:24: error: expected expression
if (sizeof ((pcap_if_t)))
                       ^
1 error generated.
configure:6133: $? = 1
configure: failed program was:
| /* confdefs.h */
| #define PACKAGE_NAME "tcpdump"
| #define PACKAGE_TARNAME "tcpdump"
| #define PACKAGE_VERSION "4.99.1"
| #define PACKAGE_STRING "tcpdump 4.99.1"
| #define PACKAGE_BUGREPORT ""
| #define PACKAGE_URL ""
| #define inline inline
| #define STDC_HEADERS 1
| #define HAVE_SYS_TYPES_H 1
| #define HAVE_SYS_STAT_H 1
| #define HAVE_STDLIB_H 1
| #define HAVE_STRING_H 1
| #define HAVE_MEMORY_H 1
| #define HAVE_STRINGS_H 1
| #define HAVE_INTTYPES_H 1
| #define HAVE_STDINT_H 1
| #define HAVE_UNISTD_H 1
| #define HAVE_FCNTL_H 1
| #define HAVE_RPC_RPC_H 1
| #define HAVE_NET_IF_H 1
| #define HAVE_STRLCAT 1
| #define HAVE_STRLCPY 1
| #define HAVE_STRDUP 1
| #define HAVE_STRSEP 1
| #define HAVE_GETSERVENT 1
| #define HAVE_GETOPT_LONG 1
| #define HAVE_FORK 1
| #define HAVE_VFORK 1
| #define HAVE_STRFTIME 1
| #define HAVE_SETLINEBUF 1
| #define HAVE_GETRPCBYNUMBER 1
| #define HAVE_ETHER_NTOHOST 1
| #define HAVE_PCAP_LIST_DATALINKS 1
| #define HAVE_PCAP_FREE_DATALINKS 1
| #define HAVE_PCAP_DATALINK_NAME_TO_VAL 1
| #define HAVE_PCAP_DATALINK_VAL_TO_DESCRIPTION 1
| #define HAVE_PCAP_SET_DATALINK 1
| #define HAVE_PCAP_BREAKLOOP 1
| #define HAVE_PCAP_CREATE 1
| #define HAVE_PCAP_SET_TSTAMP_TYPE 1
| #define HAVE_PCAP_SET_TSTAMP_PRECISION 1
| #define HAVE_PCAP_FINDALLDEVS 1
| /* end confdefs.h.  */
| #include <pcap.h>
| 
| int
| main ()
| {
| if (sizeof ((pcap_if_t)))
| 	    return 0;
|   ;
|   return 0;
| }
configure:6133: result: yes
configure:6149: checking for pcap_dump_flush
configure:6149: gcc -o conftest -g -O2   conftest.c ../libpcap-1.10.1/libpcap.a   >&5
configure:6149: $? = 0
configure:6149: result: yes
configure:6149: checking for pcap_lib_version
configure:6149: gcc -o conftest -g -O2   conftest.c ../libpcap-1.10.1/libpcap.a   >&5
configure:6149: $? = 0
configure:6149: result: yes
configure:6197: checking for pcap_setdirection
configure:6197: gcc -o conftest -g -O2   conftest.c ../libpcap-1.10.1/libpcap.a   >&5
configure:6197: $? = 0
configure:6197: result: yes
configure:6197: checking for pcap_set_immediate_mode
configure:6197: gcc -o conftest -g -O2   conftest.c ../libpcap-1.10.1/libpcap.a   >&5
configure:6197: $? = 0
configure:6197: result: yes
configure:6197: checking for pcap_dump_ftell64
configure:6197: gcc -o conftest -g -O2   conftest.c ../libpcap-1.10.1/libpcap.a   >&5
configure:6197: $? = 0
configure:6197: result: yes
configure:6209: checking for pcap_open
configure:6209: gcc -o conftest -g -O2   conftest.c ../libpcap-1.10.1/libpcap.a   >&5
Undefined symbols for architecture x86_64:
  "_pcap_open", referenced from:
      _main in conftest-53bc02.o
ld: symbol(s) not found for architecture x86_64
clang: error: linker command failed with exit code 1 (use -v to see invocation)
configure:6209: $? = 1
configure: failed program was:
| /* confdefs.h */
| #define PACKAGE_NAME "tcpdump"
| #define PACKAGE_TARNAME "tcpdump"
| #define PACKAGE_VERSION "4.99.1"
| #define PACKAGE_STRING "tcpdump 4.99.1"
| #define PACKAGE_BUGREPORT ""
| #define PACKAGE_URL ""
| #define inline inline
| #define STDC_HEADERS 1
| #define HAVE_SYS_TYPES_H 1
| #define HAVE_SYS_STAT_H 1
| #define HAVE_STDLIB_H 1
| #define HAVE_STRING_H 1
| #define HAVE_MEMORY_H 1
| #define HAVE_STRINGS_H 1
| #define HAVE_INTTYPES_H 1
| #define HAVE_STDINT_H 1
| #define HAVE_UNISTD_H 1
| #define HAVE_FCNTL_H 1
| #define HAVE_RPC_RPC_H 1
| #define HAVE_NET_IF_H 1
| #define HAVE_STRLCAT 1
| #define HAVE_STRLCPY 1
| #define HAVE_STRDUP 1
| #define HAVE_STRSEP 1
| #define HAVE_GETSERVENT 1
| #define HAVE_GETOPT_LONG 1
| #define HAVE_FORK 1
| #define HAVE_VFORK 1
| #define HAVE_STRFTIME 1
| #define HAVE_SETLINEBUF 1
| #define HAVE_GETRPCBYNUMBER 1
| #define HAVE_ETHER_NTOHOST 1
| #define HAVE_PCAP_LIST_DATALINKS 1
| #define HAVE_PCAP_FREE_DATALINKS 1
| #define HAVE_PCAP_DATALINK_NAME_TO_VAL 1
| #define HAVE_PCAP_DATALINK_VAL_TO_DESCRIPTION 1
| #define HAVE_PCAP_SET_DATALINK 1
| #define HAVE_PCAP_BREAKLOOP 1
| #define HAVE_PCAP_CREATE 1
| #define HAVE_PCAP_SET_TSTAMP_TYPE 1
| #define HAVE_PCAP_SET_TSTAMP_PRECISION 1
| #define HAVE_PCAP_FINDALLDEVS 1
| #define HAVE_PCAP_IF_T 1
| #define HAVE_PCAP_DUMP_FLUSH 1
| #define HAVE_PCAP_LIB_VERSION 1
| #define HAVE_PCAP_SETDIRECTION 1
| #define HAVE_PCAP_SET_IMMEDIATE_MODE 1
| #define HAVE_PCAP_DUMP_FTELL64 1
| /* end confdefs.h.  */
| /* Define pcap_open to an innocuous variant, in case <limits.h> declares pcap_open.
|    For example, HP-UX 11i <limits.h> declares gettimeofday.  */
| #define pcap_open innocuous_pcap_open
| 
| /* System header to define __stub macros and hopefully few prototypes,
|     which can conflict with char pcap_open (); below.
|     Prefer <limits.h> to <assert.h> if __STDC__ is defined, since
|     <limits.h> exists even on freestanding compilers.  */
| 
| #ifdef __STDC__
| # include <limits.h>
| #else
| # include <assert.h>
| #endif
| 
| #undef pcap_open
| 
| /* Override any GCC internal prototype to avoid an error.
|    Use char because int might match the return type of a GCC
|    builtin and then its argument prototype would still apply.  */
| #ifdef __cplusplus
| extern "C"
| #endif
| char pcap_open ();
| /* The GNU C library defines this for functions which it implements
|     to always fail with ENOSYS.  Some functions are actually named
|     something starting with __ and the normal name is an alias.  */
| #if defined __stub_pcap_open || defined __stub___pcap_open
| choke me
| #endif
| 
| int
| main ()
| {
| return pcap_open ();
|   ;
|   return 0;
| }
configure:6209: result: no
configure:6209: checking for pcap_findalldevs_ex
configure:6209: gcc -o conftest -g -O2   conftest.c ../libpcap-1.10.1/libpcap.a   >&5
Undefined symbols for architecture x86_64:
  "_pcap_findalldevs_ex", referenced from:
      _main in conftest-7e0f3e.o
ld: symbol(s) not found for architecture x86_64
clang: error: linker command failed with exit code 1 (use -v to see invocation)
configure:6209: $? = 1
configure: failed program was:
| /* confdefs.h */
| #define PACKAGE_NAME "tcpdump"
| #define PACKAGE_TARNAME "tcpdump"
| #define PACKAGE_VERSION "4.99.1"
| #define PACKAGE_STRING "tcpdump 4.99.1"
| #define PACKAGE_BUGREPORT ""
| #define PACKAGE_URL ""
| #define inline inline
| #define STDC_HEADERS 1
| #define HAVE_SYS_TYPES_H 1
| #define HAVE_SYS_STAT_H 1
| #define HAVE_STDLIB_H 1
| #define HAVE_STRING_H 1
| #define HAVE_MEMORY_H 1
| #define HAVE_STRINGS_H 1
| #define HAVE_INTTYPES_H 1
| #define HAVE_STDINT_H 1
| #define HAVE_UNISTD_H 1
| #define HAVE_FCNTL_H 1
| #define HAVE_RPC_RPC_H 1
| #define HAVE_NET_IF_H 1
| #define HAVE_STRLCAT 1
| #define HAVE_STRLCPY 1
| #define HAVE_STRDUP 1
| #define HAVE_STRSEP 1
| #define HAVE_GETSERVENT 1
| #define HAVE_GETOPT_LONG 1
| #define HAVE_FORK 1
| #define HAVE_VFORK 1
| #define HAVE_STRFTIME 1
| #define HAVE_SETLINEBUF 1
| #define HAVE_GETRPCBYNUMBER 1
| #define HAVE_ETHER_NTOHOST 1
| #define HAVE_PCAP_LIST_DATALINKS 1
| #define HAVE_PCAP_FREE_DATALINKS 1
| #define HAVE_PCAP_DATALINK_NAME_TO_VAL 1
| #define HAVE_PCAP_DATALINK_VAL_TO_DESCRIPTION 1
| #define HAVE_PCAP_SET_DATALINK 1
| #define HAVE_PCAP_BREAKLOOP 1
| #define HAVE_PCAP_CREATE 1
| #define HAVE_PCAP_SET_TSTAMP_TYPE 1
| #define HAVE_PCAP_SET_TSTAMP_PRECISION 1
| #define HAVE_PCAP_FINDALLDEVS 1
| #define HAVE_PCAP_IF_T 1
| #define HAVE_PCAP_DUMP_FLUSH 1
| #define HAVE_PCAP_LIB_VERSION 1
| #define HAVE_PCAP_SETDIRECTION 1
| #define HAVE_PCAP_SET_IMMEDIATE_MODE 1
| #define HAVE_PCAP_DUMP_FTELL64 1
| /* end confdefs.h.  */
| /* Define pcap_findalldevs_ex to an innocuous variant, in case <limits.h> declares pcap_findalldevs_ex.
|    For example, HP-UX 11i <limits.h> declares gettimeofday.  */
| #define pcap_findalldevs_ex innocuous_pcap_findalldevs_ex
| 
| /* System header to define __stub macros and hopefully few prototypes,
|     which can conflict with char pcap_findalldevs_ex (); below.
|     Prefer <limits.h> to <assert.h> if __STDC__ is defined, since
|     <limits.h> exists even on freestanding compilers.  */
| 
| #ifdef __STDC__
| # include <limits.h>
| #else
| # include <assert.h>
| #endif
| 
| #undef pcap_findalldevs_ex
| 
| /* Override any GCC internal prototype to avoid an error.
|    Use char because int might match the return type of a GCC
|    builtin and then its argument prototype would still apply.  */
| #ifdef __cplusplus
| extern "C"
| #endif
| char pcap_findalldevs_ex ();
| /* The GNU C library defines this for functions which it implements
|     to always fail with ENOSYS.  Some functions are actually named
|     something starting with __ and the normal name is an alias.  */
| #if defined __stub_pcap_findalldevs_ex || defined __stub___pcap_findalldevs_ex
| choke me
| #endif
| 
| int
| main ()
| {
| return pcap_findalldevs_ex ();
|   ;
|   return 0;
| }
configure:6209: result: no
configure:6218: checking for pcap_dump_ftell
configure:6218: gcc -o conftest -g -O2   conftest.c ../libpcap-1.10.1/libpcap.a   >&5
configure:6218: $? = 0
configure:6218: result: yes
configure:6238: checking for pcap_set_parser_debug
configure:6238: gcc -o conftest -g -O2   conftest.c ../libpcap-1.10.1/libpcap.a   >&5
Undefined symbols for architecture x86_64:
  "_pcap_set_parser_debug", referenced from:
      _main in conftest-363c4a.o
ld: symbol(s) not found for architecture x86_64
clang: error: linker command failed with exit code 1 (use -v to see invocation)
configure:6238: $? = 1
configure: failed program was:
| /* confdefs.h */
| #define PACKAGE_NAME "tcpdump"
| #define PACKAGE_TARNAME "tcpdump"
| #define PACKAGE_VERSION "4.99.1"
| #define PACKAGE_STRING "tcpdump 4.99.1"
| #define PACKAGE_BUGREPORT ""
| #define PACKAGE_URL ""
| #define inline inline
| #define STDC_HEADERS 1
| #define HAVE_SYS_TYPES_H 1
| #define HAVE_SYS_STAT_H 1
| #define HAVE_STDLIB_H 1
| #define HAVE_STRING_H 1
| #define HAVE_MEMORY_H 1
| #define HAVE_STRINGS_H 1
| #define HAVE_INTTYPES_H 1
| #define HAVE_STDINT_H 1
| #define HAVE_UNISTD_H 1
| #define HAVE_FCNTL_H 1
| #define HAVE_RPC_RPC_H 1
| #define HAVE_NET_IF_H 1
| #define HAVE_STRLCAT 1
| #define HAVE_STRLCPY 1
| #define HAVE_STRDUP 1
| #define HAVE_STRSEP 1
| #define HAVE_GETSERVENT 1
| #define HAVE_GETOPT_LONG 1
| #define HAVE_FORK 1
| #define HAVE_VFORK 1
| #define HAVE_STRFTIME 1
| #define HAVE_SETLINEBUF 1
| #define HAVE_GETRPCBYNUMBER 1
| #define HAVE_ETHER_NTOHOST 1
| #define HAVE_PCAP_LIST_DATALINKS 1
| #define HAVE_PCAP_FREE_DATALINKS 1
| #define HAVE_PCAP_DATALINK_NAME_TO_VAL 1
| #define HAVE_PCAP_DATALINK_VAL_TO_DESCRIPTION 1
| #define HAVE_PCAP_SET_DATALINK 1
| #define HAVE_PCAP_BREAKLOOP 1
| #define HAVE_PCAP_CREATE 1
| #define HAVE_PCAP_SET_TSTAMP_TYPE 1
| #define HAVE_PCAP_SET_TSTAMP_PRECISION 1
| #define HAVE_PCAP_FINDALLDEVS 1
| #define HAVE_PCAP_IF_T 1
| #define HAVE_PCAP_DUMP_FLUSH 1
| #define HAVE_PCAP_LIB_VERSION 1
| #define HAVE_PCAP_SETDIRECTION 1
| #define HAVE_PCAP_SET_IMMEDIATE_MODE 1
| #define HAVE_PCAP_DUMP_FTELL64 1
| #define HAVE_PCAP_DUMP_FTELL 1
| /* end confdefs.h.  */
| /* Define pcap_set_parser_debug to an innocuous variant, in case <limits.h> declares pcap_set_parser_debug.
|    For example, HP-UX 11i <limits.h> declares gettimeofday.  */
| #define pcap_set_parser_debug innocuous_pcap_set_parser_debug
| 
| /* System header to define __stub macros and hopefully few prototypes,
|     which can conflict with char pcap_set_parser_debug (); below.
|     Prefer <limits.h> to <assert.h> if __STDC__ is defined, since
|     <limits.h> exists even on freestanding compilers.  */
| 
| #ifdef __STDC__
| # include <limits.h>
| #else
| # include <assert.h>
| #endif
| 
| #undef pcap_set_parser_debug
| 
| /* Override any GCC internal prototype to avoid an error.
|    Use char because int might match the return type of a GCC
|    builtin and then its argument prototype would still apply.  */
| #ifdef __cplusplus
| extern "C"
| #endif
| char pcap_set_parser_debug ();
| /* The GNU C library defines this for functions which it implements
|     to always fail with ENOSYS.  Some functions are actually named
|     something starting with __ and the normal name is an alias.  */
| #if defined __stub_pcap_set_parser_debug || defined __stub___pcap_set_parser_debug
| choke me
| #endif
| 
| int
| main ()
| {
| return pcap_set_parser_debug ();
|   ;
|   return 0;
| }
configure:6238: result: no
configure:6252: checking whether pcap_debug is defined by libpcap
configure:6269: gcc -o conftest -g -O2   conftest.c ../libpcap-1.10.1/libpcap.a   >&5
Undefined symbols for architecture x86_64:
  "_pcap_debug", referenced from:
      _main in conftest-29fa74.o
ld: symbol(s) not found for architecture x86_64
clang: error: linker command failed with exit code 1 (use -v to see invocation)
configure:6269: $? = 1
configure: failed program was:
| /* confdefs.h */
| #define PACKAGE_NAME "tcpdump"
| #define PACKAGE_TARNAME "tcpdump"
| #define PACKAGE_VERSION "4.99.1"
| #define PACKAGE_STRING "tcpdump 4.99.1"
| #define PACKAGE_BUGREPORT ""
| #define PACKAGE_URL ""
| #define inline inline
| #define STDC_HEADERS 1
| #define HAVE_SYS_TYPES_H 1
| #define HAVE_SYS_STAT_H 1
| #define HAVE_STDLIB_H 1
| #define HAVE_STRING_H 1
| #define HAVE_MEMORY_H 1
| #define HAVE_STRINGS_H 1
| #define HAVE_INTTYPES_H 1
| #define HAVE_STDINT_H 1
| #define HAVE_UNISTD_H 1
| #define HAVE_FCNTL_H 1
| #define HAVE_RPC_RPC_H 1
| #define HAVE_NET_IF_H 1
| #define HAVE_STRLCAT 1
| #define HAVE_STRLCPY 1
| #define HAVE_STRDUP 1
| #define HAVE_STRSEP 1
| #define HAVE_GETSERVENT 1
| #define HAVE_GETOPT_LONG 1
| #define HAVE_FORK 1
| #define HAVE_VFORK 1
| #define HAVE_STRFTIME 1
| #define HAVE_SETLINEBUF 1
| #define HAVE_GETRPCBYNUMBER 1
| #define HAVE_ETHER_NTOHOST 1
| #define HAVE_PCAP_LIST_DATALINKS 1
| #define HAVE_PCAP_FREE_DATALINKS 1
| #define HAVE_PCAP_DATALINK_NAME_TO_VAL 1
| #define HAVE_PCAP_DATALINK_VAL_TO_DESCRIPTION 1
| #define HAVE_PCAP_SET_DATALINK 1
| #define HAVE_PCAP_BREAKLOOP 1
| #define HAVE_PCAP_CREATE 1
| #define HAVE_PCAP_SET_TSTAMP_TYPE 1
| #define HAVE_PCAP_SET_TSTAMP_PRECISION 1
| #define HAVE_PCAP_FINDALLDEVS 1
| #define HAVE_PCAP_IF_T 1
| #define HAVE_PCAP_DUMP_FLUSH 1
| #define HAVE_PCAP_LIB_VERSION 1
| #define HAVE_PCAP_SETDIRECTION 1
| #define HAVE_PCAP_SET_IMMEDIATE_MODE 1
| #define HAVE_PCAP_DUMP_FTELL64 1
| #define HAVE_PCAP_DUMP_FTELL 1
| /* end confdefs.h.  */
| 
| int
| main ()
| {
| 
| 		extern int pcap_debug;
| 
| 		return pcap_debug;
| 
|   ;
|   return 0;
| }
configure:6283: result: no
configure:6288: checking whether yydebug is defined by libpcap
configure:6305: gcc -o conftest -g -O2   conftest.c ../libpcap-1.10.1/libpcap.a   >&5
Undefined symbols for architecture x86_64:
  "_yydebug", referenced from:
      _main in conftest-29a9b8.o
ld: symbol(s) not found for architecture x86_64
clang: error: linker command failed with exit code 1 (use -v to see invocation)
configure:6305: $? = 1
configure: failed program was:
| /* confdefs.h */
| #define PACKAGE_NAME "tcpdump"
| #define PACKAGE_TARNAME "tcpdump"
| #define PACKAGE_VERSION "4.99.1"
| #define PACKAGE_STRING "tcpdump 4.99.1"
| #define PACKAGE_BUGREPORT ""
| #define PACKAGE_URL ""
| #define inline inline
| #define STDC_HEADERS 1
| #define HAVE_SYS_TYPES_H 1
| #define HAVE_SYS_STAT_H 1
| #define HAVE_STDLIB_H 1
| #define HAVE_STRING_H 1
| #define HAVE_MEMORY_H 1
| #define HAVE_STRINGS_H 1
| #define HAVE_INTTYPES_H 1
| #define HAVE_STDINT_H 1
| #define HAVE_UNISTD_H 1
| #define HAVE_FCNTL_H 1
| #define HAVE_RPC_RPC_H 1
| #define HAVE_NET_IF_H 1
| #define HAVE_STRLCAT 1
| #define HAVE_STRLCPY 1
| #define HAVE_STRDUP 1
| #define HAVE_STRSEP 1
| #define HAVE_GETSERVENT 1
| #define HAVE_GETOPT_LONG 1
| #define HAVE_FORK 1
| #define HAVE_VFORK 1
| #define HAVE_STRFTIME 1
| #define HAVE_SETLINEBUF 1
| #define HAVE_GETRPCBYNUMBER 1
| #define HAVE_ETHER_NTOHOST 1
| #define HAVE_PCAP_LIST_DATALINKS 1
| #define HAVE_PCAP_FREE_DATALINKS 1
| #define HAVE_PCAP_DATALINK_NAME_TO_VAL 1
| #define HAVE_PCAP_DATALINK_VAL_TO_DESCRIPTION 1
| #define HAVE_PCAP_SET_DATALINK 1
| #define HAVE_PCAP_BREAKLOOP 1
| #define HAVE_PCAP_CREATE 1
| #define HAVE_PCAP_SET_TSTAMP_TYPE 1
| #define HAVE_PCAP_SET_TSTAMP_PRECISION 1
| #define HAVE_PCAP_FINDALLDEVS 1
| #define HAVE_PCAP_IF_T 1
| #define HAVE_PCAP_DUMP_FLUSH 1
| #define HAVE_PCAP_LIB_VERSION 1
| #define HAVE_PCAP_SETDIRECTION 1
| #define HAVE_PCAP_SET_IMMEDIATE_MODE 1
| #define HAVE_PCAP_DUMP_FTELL64 1
| #define HAVE_PCAP_DUMP_FTELL 1
| /* end confdefs.h.  */
| 
| int
| main ()
| {
| 
| 			extern int yydebug;
| 
| 			return yydebug;
| 
|   ;
|   return 0;
| }
configure:6319: result: no
configure:6326: checking for pcap_set_optimizer_debug
configure:6326: gcc -o conftest -g -O2   conftest.c ../libpcap-1.10.1/libpcap.a   >&5
Undefined symbols for architecture x86_64:
  "_pcap_set_optimizer_debug", referenced from:
      _main in conftest-12a6a8.o
ld: symbol(s) not found for architecture x86_64
clang: error: linker command failed with exit code 1 (use -v to see invocation)
configure:6326: $? = 1
configure: failed program was:
| /* confdefs.h */
| #define PACKAGE_NAME "tcpdump"
| #define PACKAGE_TARNAME "tcpdump"
| #define PACKAGE_VERSION "4.99.1"
| #define PACKAGE_STRING "tcpdump 4.99.1"
| #define PACKAGE_BUGREPORT ""
| #define PACKAGE_URL ""
| #define inline inline
| #define STDC_HEADERS 1
| #define HAVE_SYS_TYPES_H 1
| #define HAVE_SYS_STAT_H 1
| #define HAVE_STDLIB_H 1
| #define HAVE_STRING_H 1
| #define HAVE_MEMORY_H 1
| #define HAVE_STRINGS_H 1
| #define HAVE_INTTYPES_H 1
| #define HAVE_STDINT_H 1
| #define HAVE_UNISTD_H 1
| #define HAVE_FCNTL_H 1
| #define HAVE_RPC_RPC_H 1
| #define HAVE_NET_IF_H 1
| #define HAVE_STRLCAT 1
| #define HAVE_STRLCPY 1
| #define HAVE_STRDUP 1
| #define HAVE_STRSEP 1
| #define HAVE_GETSERVENT 1
| #define HAVE_GETOPT_LONG 1
| #define HAVE_FORK 1
| #define HAVE_VFORK 1
| #define HAVE_STRFTIME 1
| #define HAVE_SETLINEBUF 1
| #define HAVE_GETRPCBYNUMBER 1
| #define HAVE_ETHER_NTOHOST 1
| #define HAVE_PCAP_LIST_DATALINKS 1
| #define HAVE_PCAP_FREE_DATALINKS 1
| #define HAVE_PCAP_DATALINK_NAME_TO_VAL 1
| #define HAVE_PCAP_DATALINK_VAL_TO_DESCRIPTION 1
| #define HAVE_PCAP_SET_DATALINK 1
| #define HAVE_PCAP_BREAKLOOP 1
| #define HAVE_PCAP_CREATE 1
| #define HAVE_PCAP_SET_TSTAMP_TYPE 1
| #define HAVE_PCAP_SET_TSTAMP_PRECISION 1
| #define HAVE_PCAP_FINDALLDEVS 1
| #define HAVE_PCAP_IF_T 1
| #define HAVE_PCAP_DUMP_FLUSH 1
| #define HAVE_PCAP_LIB_VERSION 1
| #define HAVE_PCAP_SETDIRECTION 1
| #define HAVE_PCAP_SET_IMMEDIATE_MODE 1
| #define HAVE_PCAP_DUMP_FTELL64 1
| #define HAVE_PCAP_DUMP_FTELL 1
| /* end confdefs.h.  */
| /* Define pcap_set_optimizer_debug to an innocuous variant, in case <limits.h> declares pcap_set_optimizer_debug.
|    For example, HP-UX 11i <limits.h> declares gettimeofday.  */
| #define pcap_set_optimizer_debug innocuous_pcap_set_optimizer_debug
| 
| /* System header to define __stub macros and hopefully few prototypes,
|     which can conflict with char pcap_set_optimizer_debug (); below.
|     Prefer <limits.h> to <assert.h> if __STDC__ is defined, since
|     <limits.h> exists even on freestanding compilers.  */
| 
| #ifdef __STDC__
| # include <limits.h>
| #else
| # include <assert.h>
| #endif
| 
| #undef pcap_set_optimizer_debug
| 
| /* Override any GCC internal prototype to avoid an error.
|    Use char because int might match the return type of a GCC
|    builtin and then its argument prototype would still apply.  */
| #ifdef __cplusplus
| extern "C"
| #endif
| char pcap_set_optimizer_debug ();
| /* The GNU C library defines this for functions which it implements
|     to always fail with ENOSYS.  Some functions are actually named
|     something starting with __ and the normal name is an alias.  */
| #if defined __stub_pcap_set_optimizer_debug || defined __stub___pcap_set_optimizer_debug
| choke me
| #endif
| 
| int
| main ()
| {
| return pcap_set_optimizer_debug ();
|   ;
|   return 0;
| }
configure:6326: result: no
configure:6335: checking for bpf_dump
configure:6335: gcc -o conftest -g -O2   conftest.c ../libpcap-1.10.1/libpcap.a   >&5
configure:6335: $? = 0
configure:6335: result: yes
configure:6415: checking for uintptr_t
configure:6415: gcc -c -g -O2  conftest.c >&5
configure:6415: $? = 0
configure:6415: gcc -c -g -O2  conftest.c >&5
conftest.c:89:24: error: expected expression
if (sizeof ((uintptr_t)))
                       ^
1 error generated.
configure:6415: $? = 1
configure: failed program was:
| /* confdefs.h */
| #define PACKAGE_NAME "tcpdump"
| #define PACKAGE_TARNAME "tcpdump"
| #define PACKAGE_VERSION "4.99.1"
| #define PACKAGE_STRING "tcpdump 4.99.1"
| #define PACKAGE_BUGREPORT ""
| #define PACKAGE_URL ""
| #define inline inline
| #define STDC_HEADERS 1
| #define HAVE_SYS_TYPES_H 1
| #define HAVE_SYS_STAT_H 1
| #define HAVE_STDLIB_H 1
| #define HAVE_STRING_H 1
| #define HAVE_MEMORY_H 1
| #define HAVE_STRINGS_H 1
| #define HAVE_INTTYPES_H 1
| #define HAVE_STDINT_H 1
| #define HAVE_UNISTD_H 1
| #define HAVE_FCNTL_H 1
| #define HAVE_RPC_RPC_H 1
| #define HAVE_NET_IF_H 1
| #define HAVE_STRLCAT 1
| #define HAVE_STRLCPY 1
| #define HAVE_STRDUP 1
| #define HAVE_STRSEP 1
| #define HAVE_GETSERVENT 1
| #define HAVE_GETOPT_LONG 1
| #define HAVE_FORK 1
| #define HAVE_VFORK 1
| #define HAVE_STRFTIME 1
| #define HAVE_SETLINEBUF 1
| #define HAVE_GETRPCBYNUMBER 1
| #define HAVE_ETHER_NTOHOST 1
| #define HAVE_PCAP_LIST_DATALINKS 1
| #define HAVE_PCAP_FREE_DATALINKS 1
| #define HAVE_PCAP_DATALINK_NAME_TO_VAL 1
| #define HAVE_PCAP_DATALINK_VAL_TO_DESCRIPTION 1
| #define HAVE_PCAP_SET_DATALINK 1
| #define HAVE_PCAP_BREAKLOOP 1
| #define HAVE_PCAP_CREATE 1
| #define HAVE_PCAP_SET_TSTAMP_TYPE 1
| #define HAVE_PCAP_SET_TSTAMP_PRECISION 1
| #define HAVE_PCAP_FINDALLDEVS 1
| #define HAVE_PCAP_IF_T 1
| #define HAVE_PCAP_DUMP_FLUSH 1
| #define HAVE_PCAP_LIB_VERSION 1
| #define HAVE_PCAP_SETDIRECTION 1
| #define HAVE_PCAP_SET_IMMEDIATE_MODE 1
| #define HAVE_PCAP_DUMP_FTELL64 1
| #define HAVE_PCAP_DUMP_FTELL 1
| #define HAVE_BPF_DUMP 1
| /* end confdefs.h.  */
| #include <stdio.h>
| #ifdef HAVE_SYS_TYPES_H
| # include <sys/types.h>
| #endif
| #ifdef HAVE_SYS_STAT_H
| # include <sys/stat.h>
| #endif
| #ifdef STDC_HEADERS
| # include <stdlib.h>
| # include <stddef.h>
| #else
| # ifdef HAVE_STDLIB_H
| #  include <stdlib.h>
| # endif
| #endif
| #ifdef HAVE_STRING_H
| # if !defined STDC_HEADERS && defined HAVE_MEMORY_H
| #  include <memory.h>
| # endif
| # include <string.h>
| #endif
| #ifdef HAVE_STRINGS_H
| # include <strings.h>
| #endif
| #ifdef HAVE_INTTYPES_H
| # include <inttypes.h>
| #endif
| #ifdef HAVE_STDINT_H
| # include <stdint.h>
| #endif
| #ifdef HAVE_UNISTD_H
| # include <unistd.h>
| #endif
| int
| main ()
| {
| if (sizeof ((uintptr_t)))
| 	    return 0;
|   ;
|   return 0;
| }
configure:6415: result: yes
configure:6460: checking pcap/pcap-inttypes.h usability
configure:6460: gcc -c -g -O2  -I../libpcap-1.10.1  conftest.c >&5
configure:6460: $? = 0
configure:6460: result: yes
configure:6460: checking pcap/pcap-inttypes.h presence
configure:6460: gcc -E  -I../libpcap-1.10.1  conftest.c
configure:6460: $? = 0
configure:6460: result: yes
configure:6460: checking for pcap/pcap-inttypes.h
configure:6460: result: yes
configure:6476: checking for u_int8_t
configure:6476: gcc -c -g -O2  conftest.c >&5
configure:6476: $? = 0
configure:6476: gcc -c -g -O2  conftest.c >&5
conftest.c:94:23: error: expected expression
if (sizeof ((u_int8_t)))
                      ^
1 error generated.
configure:6476: $? = 1
configure: failed program was:
| /* confdefs.h */
| #define PACKAGE_NAME "tcpdump"
| #define PACKAGE_TARNAME "tcpdump"
| #define PACKAGE_VERSION "4.99.1"
| #define PACKAGE_STRING "tcpdump 4.99.1"
| #define PACKAGE_BUGREPORT ""
| #define PACKAGE_URL ""
| #define inline inline
| #define STDC_HEADERS 1
| #define HAVE_SYS_TYPES_H 1
| #define HAVE_SYS_STAT_H 1
| #define HAVE_STDLIB_H 1
| #define HAVE_STRING_H 1
| #define HAVE_MEMORY_H 1
| #define HAVE_STRINGS_H 1
| #define HAVE_INTTYPES_H 1
| #define HAVE_STDINT_H 1
| #define HAVE_UNISTD_H 1
| #define HAVE_FCNTL_H 1
| #define HAVE_RPC_RPC_H 1
| #define HAVE_NET_IF_H 1
| #define HAVE_STRLCAT 1
| #define HAVE_STRLCPY 1
| #define HAVE_STRDUP 1
| #define HAVE_STRSEP 1
| #define HAVE_GETSERVENT 1
| #define HAVE_GETOPT_LONG 1
| #define HAVE_FORK 1
| #define HAVE_VFORK 1
| #define HAVE_STRFTIME 1
| #define HAVE_SETLINEBUF 1
| #define HAVE_GETRPCBYNUMBER 1
| #define HAVE_ETHER_NTOHOST 1
| #define HAVE_PCAP_LIST_DATALINKS 1
| #define HAVE_PCAP_FREE_DATALINKS 1
| #define HAVE_PCAP_DATALINK_NAME_TO_VAL 1
| #define HAVE_PCAP_DATALINK_VAL_TO_DESCRIPTION 1
| #define HAVE_PCAP_SET_DATALINK 1
| #define HAVE_PCAP_BREAKLOOP 1
| #define HAVE_PCAP_CREATE 1
| #define HAVE_PCAP_SET_TSTAMP_TYPE 1
| #define HAVE_PCAP_SET_TSTAMP_PRECISION 1
| #define HAVE_PCAP_FINDALLDEVS 1
| #define HAVE_PCAP_IF_T 1
| #define HAVE_PCAP_DUMP_FLUSH 1
| #define HAVE_PCAP_LIB_VERSION 1
| #define HAVE_PCAP_SETDIRECTION 1
| #define HAVE_PCAP_SET_IMMEDIATE_MODE 1
| #define HAVE_PCAP_DUMP_FTELL64 1
| #define HAVE_PCAP_DUMP_FTELL 1
| #define HAVE_BPF_DUMP 1
| #define HAVE_UINTPTR_T 1
| #define HAVE_PCAP_PCAP_INTTYPES_H 1
| /* end confdefs.h.  */
| #include <stdio.h>
| #ifdef HAVE_SYS_TYPES_H
| # include <sys/types.h>
| #endif
| #ifdef HAVE_SYS_STAT_H
| # include <sys/stat.h>
| #endif
| #ifdef STDC_HEADERS
| # include <stdlib.h>
| # include <stddef.h>
| #else
| # ifdef HAVE_STDLIB_H
| #  include <stdlib.h>
| # endif
| #endif
| #ifdef HAVE_STRING_H
| # if !defined STDC_HEADERS && defined HAVE_MEMORY_H
| #  include <memory.h>
| # endif
| # include <string.h>
| #endif
| #ifdef HAVE_STRINGS_H
| # include <strings.h>
| #endif
| #ifdef HAVE_INTTYPES_H
| # include <inttypes.h>
| #endif
| #ifdef HAVE_STDINT_H
| # include <stdint.h>
| #endif
| #ifdef HAVE_UNISTD_H
| # include <unistd.h>
| #endif
| #include <sys/types.h>
| 
| 
| int
| main ()
| {
| if (sizeof ((u_int8_t)))
| 	    return 0;
|   ;
|   return 0;
| }
configure:6476: result: yes
configure:6488: checking for u_int16_t
configure:6488: gcc -c -g -O2  conftest.c >&5
configure:6488: $? = 0
configure:6488: gcc -c -g -O2  conftest.c >&5
conftest.c:94:24: error: expected expression
if (sizeof ((u_int16_t)))
                       ^
1 error generated.
configure:6488: $? = 1
configure: failed program was:
| /* confdefs.h */
| #define PACKAGE_NAME "tcpdump"
| #define PACKAGE_TARNAME "tcpdump"
| #define PACKAGE_VERSION "4.99.1"
| #define PACKAGE_STRING "tcpdump 4.99.1"
| #define PACKAGE_BUGREPORT ""
| #define PACKAGE_URL ""
| #define inline inline
| #define STDC_HEADERS 1
| #define HAVE_SYS_TYPES_H 1
| #define HAVE_SYS_STAT_H 1
| #define HAVE_STDLIB_H 1
| #define HAVE_STRING_H 1
| #define HAVE_MEMORY_H 1
| #define HAVE_STRINGS_H 1
| #define HAVE_INTTYPES_H 1
| #define HAVE_STDINT_H 1
| #define HAVE_UNISTD_H 1
| #define HAVE_FCNTL_H 1
| #define HAVE_RPC_RPC_H 1
| #define HAVE_NET_IF_H 1
| #define HAVE_STRLCAT 1
| #define HAVE_STRLCPY 1
| #define HAVE_STRDUP 1
| #define HAVE_STRSEP 1
| #define HAVE_GETSERVENT 1
| #define HAVE_GETOPT_LONG 1
| #define HAVE_FORK 1
| #define HAVE_VFORK 1
| #define HAVE_STRFTIME 1
| #define HAVE_SETLINEBUF 1
| #define HAVE_GETRPCBYNUMBER 1
| #define HAVE_ETHER_NTOHOST 1
| #define HAVE_PCAP_LIST_DATALINKS 1
| #define HAVE_PCAP_FREE_DATALINKS 1
| #define HAVE_PCAP_DATALINK_NAME_TO_VAL 1
| #define HAVE_PCAP_DATALINK_VAL_TO_DESCRIPTION 1
| #define HAVE_PCAP_SET_DATALINK 1
| #define HAVE_PCAP_BREAKLOOP 1
| #define HAVE_PCAP_CREATE 1
| #define HAVE_PCAP_SET_TSTAMP_TYPE 1
| #define HAVE_PCAP_SET_TSTAMP_PRECISION 1
| #define HAVE_PCAP_FINDALLDEVS 1
| #define HAVE_PCAP_IF_T 1
| #define HAVE_PCAP_DUMP_FLUSH 1
| #define HAVE_PCAP_LIB_VERSION 1
| #define HAVE_PCAP_SETDIRECTION 1
| #define HAVE_PCAP_SET_IMMEDIATE_MODE 1
| #define HAVE_PCAP_DUMP_FTELL64 1
| #define HAVE_PCAP_DUMP_FTELL 1
| #define HAVE_BPF_DUMP 1
| #define HAVE_UINTPTR_T 1
| #define HAVE_PCAP_PCAP_INTTYPES_H 1
| /* end confdefs.h.  */
| #include <stdio.h>
| #ifdef HAVE_SYS_TYPES_H
| # include <sys/types.h>
| #endif
| #ifdef HAVE_SYS_STAT_H
| # include <sys/stat.h>
| #endif
| #ifdef STDC_HEADERS
| # include <stdlib.h>
| # include <stddef.h>
| #else
| # ifdef HAVE_STDLIB_H
| #  include <stdlib.h>
| # endif
| #endif
| #ifdef HAVE_STRING_H
| # if !defined STDC_HEADERS && defined HAVE_MEMORY_H
| #  include <memory.h>
| # endif
| # include <string.h>
| #endif
| #ifdef HAVE_STRINGS_H
| # include <strings.h>
| #endif
| #ifdef HAVE_INTTYPES_H
| # include <inttypes.h>
| #endif
| #ifdef HAVE_STDINT_H
| # include <stdint.h>
| #endif
| #ifdef HAVE_UNISTD_H
| # include <unistd.h>
| #endif
| #include <sys/types.h>
| 
| 
| int
| main ()
| {
| if (sizeof ((u_int16_t)))
| 	    return 0;
|   ;
|   return 0;
| }
configure:6488: result: yes
configure:6500: checking for u_int32_t
configure:6500: gcc -c -g -O2  conftest.c >&5
configure:6500: $? = 0
configure:6500: gcc -c -g -O2  conftest.c >&5
conftest.c:94:24: error: expected expression
if (sizeof ((u_int32_t)))
                       ^
1 error generated.
configure:6500: $? = 1
configure: failed program was:
| /* confdefs.h */
| #define PACKAGE_NAME "tcpdump"
| #define PACKAGE_TARNAME "tcpdump"
| #define PACKAGE_VERSION "4.99.1"
| #define PACKAGE_STRING "tcpdump 4.99.1"
| #define PACKAGE_BUGREPORT ""
| #define PACKAGE_URL ""
| #define inline inline
| #define STDC_HEADERS 1
| #define HAVE_SYS_TYPES_H 1
| #define HAVE_SYS_STAT_H 1
| #define HAVE_STDLIB_H 1
| #define HAVE_STRING_H 1
| #define HAVE_MEMORY_H 1
| #define HAVE_STRINGS_H 1
| #define HAVE_INTTYPES_H 1
| #define HAVE_STDINT_H 1
| #define HAVE_UNISTD_H 1
| #define HAVE_FCNTL_H 1
| #define HAVE_RPC_RPC_H 1
| #define HAVE_NET_IF_H 1
| #define HAVE_STRLCAT 1
| #define HAVE_STRLCPY 1
| #define HAVE_STRDUP 1
| #define HAVE_STRSEP 1
| #define HAVE_GETSERVENT 1
| #define HAVE_GETOPT_LONG 1
| #define HAVE_FORK 1
| #define HAVE_VFORK 1
| #define HAVE_STRFTIME 1
| #define HAVE_SETLINEBUF 1
| #define HAVE_GETRPCBYNUMBER 1
| #define HAVE_ETHER_NTOHOST 1
| #define HAVE_PCAP_LIST_DATALINKS 1
| #define HAVE_PCAP_FREE_DATALINKS 1
| #define HAVE_PCAP_DATALINK_NAME_TO_VAL 1
| #define HAVE_PCAP_DATALINK_VAL_TO_DESCRIPTION 1
| #define HAVE_PCAP_SET_DATALINK 1
| #define HAVE_PCAP_BREAKLOOP 1
| #define HAVE_PCAP_CREATE 1
| #define HAVE_PCAP_SET_TSTAMP_TYPE 1
| #define HAVE_PCAP_SET_TSTAMP_PRECISION 1
| #define HAVE_PCAP_FINDALLDEVS 1
| #define HAVE_PCAP_IF_T 1
| #define HAVE_PCAP_DUMP_FLUSH 1
| #define HAVE_PCAP_LIB_VERSION 1
| #define HAVE_PCAP_SETDIRECTION 1
| #define HAVE_PCAP_SET_IMMEDIATE_MODE 1
| #define HAVE_PCAP_DUMP_FTELL64 1
| #define HAVE_PCAP_DUMP_FTELL 1
| #define HAVE_BPF_DUMP 1
| #define HAVE_UINTPTR_T 1
| #define HAVE_PCAP_PCAP_INTTYPES_H 1
| /* end confdefs.h.  */
| #include <stdio.h>
| #ifdef HAVE_SYS_TYPES_H
| # include <sys/types.h>
| #endif
| #ifdef HAVE_SYS_STAT_H
| # include <sys/stat.h>
| #endif
| #ifdef STDC_HEADERS
| # include <stdlib.h>
| # include <stddef.h>
| #else
| # ifdef HAVE_STDLIB_H
| #  include <stdlib.h>
| # endif
| #endif
| #ifdef HAVE_STRING_H
| # if !defined STDC_HEADERS && defined HAVE_MEMORY_H
| #  include <memory.h>
| # endif
| # include <string.h>
| #endif
| #ifdef HAVE_STRINGS_H
| # include <strings.h>
| #endif
| #ifdef HAVE_INTTYPES_H
| # include <inttypes.h>
| #endif
| #ifdef HAVE_STDINT_H
| # include <stdint.h>
| #endif
| #ifdef HAVE_UNISTD_H
| # include <unistd.h>
| #endif
| #include <sys/types.h>
| 
| 
| int
| main ()
| {
| if (sizeof ((u_int32_t)))
| 	    return 0;
|   ;
|   return 0;
| }
configure:6500: result: yes
configure:6512: checking for u_int64_t
configure:6512: gcc -c -g -O2  conftest.c >&5
configure:6512: $? = 0
configure:6512: gcc -c -g -O2  conftest.c >&5
conftest.c:94:24: error: expected expression
if (sizeof ((u_int64_t)))
                       ^
1 error generated.
configure:6512: $? = 1
configure: failed program was:
| /* confdefs.h */
| #define PACKAGE_NAME "tcpdump"
| #define PACKAGE_TARNAME "tcpdump"
| #define PACKAGE_VERSION "4.99.1"
| #define PACKAGE_STRING "tcpdump 4.99.1"
| #define PACKAGE_BUGREPORT ""
| #define PACKAGE_URL ""
| #define inline inline
| #define STDC_HEADERS 1
| #define HAVE_SYS_TYPES_H 1
| #define HAVE_SYS_STAT_H 1
| #define HAVE_STDLIB_H 1
| #define HAVE_STRING_H 1
| #define HAVE_MEMORY_H 1
| #define HAVE_STRINGS_H 1
| #define HAVE_INTTYPES_H 1
| #define HAVE_STDINT_H 1
| #define HAVE_UNISTD_H 1
| #define HAVE_FCNTL_H 1
| #define HAVE_RPC_RPC_H 1
| #define HAVE_NET_IF_H 1
| #define HAVE_STRLCAT 1
| #define HAVE_STRLCPY 1
| #define HAVE_STRDUP 1
| #define HAVE_STRSEP 1
| #define HAVE_GETSERVENT 1
| #define HAVE_GETOPT_LONG 1
| #define HAVE_FORK 1
| #define HAVE_VFORK 1
| #define HAVE_STRFTIME 1
| #define HAVE_SETLINEBUF 1
| #define HAVE_GETRPCBYNUMBER 1
| #define HAVE_ETHER_NTOHOST 1
| #define HAVE_PCAP_LIST_DATALINKS 1
| #define HAVE_PCAP_FREE_DATALINKS 1
| #define HAVE_PCAP_DATALINK_NAME_TO_VAL 1
| #define HAVE_PCAP_DATALINK_VAL_TO_DESCRIPTION 1
| #define HAVE_PCAP_SET_DATALINK 1
| #define HAVE_PCAP_BREAKLOOP 1
| #define HAVE_PCAP_CREATE 1
| #define HAVE_PCAP_SET_TSTAMP_TYPE 1
| #define HAVE_PCAP_SET_TSTAMP_PRECISION 1
| #define HAVE_PCAP_FINDALLDEVS 1
| #define HAVE_PCAP_IF_T 1
| #define HAVE_PCAP_DUMP_FLUSH 1
| #define HAVE_PCAP_LIB_VERSION 1
| #define HAVE_PCAP_SETDIRECTION 1
| #define HAVE_PCAP_SET_IMMEDIATE_MODE 1
| #define HAVE_PCAP_DUMP_FTELL64 1
| #define HAVE_PCAP_DUMP_FTELL 1
| #define HAVE_BPF_DUMP 1
| #define HAVE_UINTPTR_T 1
| #define HAVE_PCAP_PCAP_INTTYPES_H 1
| /* end confdefs.h.  */
| #include <stdio.h>
| #ifdef HAVE_SYS_TYPES_H
| # include <sys/types.h>
| #endif
| #ifdef HAVE_SYS_STAT_H
| # include <sys/stat.h>
| #endif
| #ifdef STDC_HEADERS
| # include <stdlib.h>
| # include <stddef.h>
| #else
| # ifdef HAVE_STDLIB_H
| #  include <stdlib.h>
| # endif
| #endif
| #ifdef HAVE_STRING_H
| # if !defined STDC_HEADERS && defined HAVE_MEMORY_H
| #  include <memory.h>
| # endif
| # include <string.h>
| #endif
| #ifdef HAVE_STRINGS_H
| # include <strings.h>
| #endif
| #ifdef HAVE_INTTYPES_H
| # include <inttypes.h>
| #endif
| #ifdef HAVE_STDINT_H
| # include <stdint.h>
| #endif
| #ifdef HAVE_UNISTD_H
| # include <unistd.h>
| #endif
| #include <sys/types.h>
| 
| 
| int
| main ()
| {
| if (sizeof ((u_int64_t)))
| 	    return 0;
|   ;
|   return 0;
| }
configure:6512: result: yes
configure:6568: checking for ranlib
configure:6584: found /usr/bin/ranlib
configure:6595: result: ranlib
configure:6660: checking for ar
configure:6676: found /usr/bin/ar
configure:6687: result: ar
configure:7568: checking whether to use OpenSSL/libressl libcrypto
configure:7612: result: yes, if available
configure:7627: checking openssl/crypto.h usability
configure:7627: gcc -c -g -O2  conftest.c >&5
conftest.c:88:10: fatal error: 'openssl/crypto.h' file not found
#include <openssl/crypto.h>
         ^~~~~~~~~~~~~~~~~~
1 error generated.
configure:7627: $? = 1
configure: failed program was:
| /* confdefs.h */
| #define PACKAGE_NAME "tcpdump"
| #define PACKAGE_TARNAME "tcpdump"
| #define PACKAGE_VERSION "4.99.1"
| #define PACKAGE_STRING "tcpdump 4.99.1"
| #define PACKAGE_BUGREPORT ""
| #define PACKAGE_URL ""
| #define inline inline
| #define STDC_HEADERS 1
| #define HAVE_SYS_TYPES_H 1
| #define HAVE_SYS_STAT_H 1
| #define HAVE_STDLIB_H 1
| #define HAVE_STRING_H 1
| #define HAVE_MEMORY_H 1
| #define HAVE_STRINGS_H 1
| #define HAVE_INTTYPES_H 1
| #define HAVE_STDINT_H 1
| #define HAVE_UNISTD_H 1
| #define HAVE_FCNTL_H 1
| #define HAVE_RPC_RPC_H 1
| #define HAVE_NET_IF_H 1
| #define HAVE_STRLCAT 1
| #define HAVE_STRLCPY 1
| #define HAVE_STRDUP 1
| #define HAVE_STRSEP 1
| #define HAVE_GETSERVENT 1
| #define HAVE_GETOPT_LONG 1
| #define HAVE_FORK 1
| #define HAVE_VFORK 1
| #define HAVE_STRFTIME 1
| #define HAVE_SETLINEBUF 1
| #define HAVE_GETRPCBYNUMBER 1
| #define HAVE_ETHER_NTOHOST 1
| #define HAVE_PCAP_LIST_DATALINKS 1
| #define HAVE_PCAP_FREE_DATALINKS 1
| #define HAVE_PCAP_DATALINK_NAME_TO_VAL 1
| #define HAVE_PCAP_DATALINK_VAL_TO_DESCRIPTION 1
| #define HAVE_PCAP_SET_DATALINK 1
| #define HAVE_PCAP_BREAKLOOP 1
| #define HAVE_PCAP_CREATE 1
| #define HAVE_PCAP_SET_TSTAMP_TYPE 1
| #define HAVE_PCAP_SET_TSTAMP_PRECISION 1
| #define HAVE_PCAP_FINDALLDEVS 1
| #define HAVE_PCAP_IF_T 1
| #define HAVE_PCAP_DUMP_FLUSH 1
| #define HAVE_PCAP_LIB_VERSION 1
| #define HAVE_PCAP_SETDIRECTION 1
| #define HAVE_PCAP_SET_IMMEDIATE_MODE 1
| #define HAVE_PCAP_DUMP_FTELL64 1
| #define HAVE_PCAP_DUMP_FTELL 1
| #define HAVE_BPF_DUMP 1
| #define HAVE_UINTPTR_T 1
| #define HAVE_PCAP_PCAP_INTTYPES_H 1
| /* end confdefs.h.  */
| #include <stdio.h>
| #ifdef HAVE_SYS_TYPES_H
| # include <sys/types.h>
| #endif
| #ifdef HAVE_SYS_STAT_H
| # include <sys/stat.h>
| #endif
| #ifdef STDC_HEADERS
| # include <stdlib.h>
| # include <stddef.h>
| #else
| # ifdef HAVE_STDLIB_H
| #  include <stdlib.h>
| # endif
| #endif
| #ifdef HAVE_STRING_H
| # if !defined STDC_HEADERS && defined HAVE_MEMORY_H
| #  include <memory.h>
| # endif
| # include <string.h>
| #endif
| #ifdef HAVE_STRINGS_H
| # include <strings.h>
| #endif
| #ifdef HAVE_INTTYPES_H
| # include <inttypes.h>
| #endif
| #ifdef HAVE_STDINT_H
| # include <stdint.h>
| #endif
| #ifdef HAVE_UNISTD_H
| # include <unistd.h>
| #endif
| #include <openssl/crypto.h>
configure:7627: result: no
configure:7627: checking openssl/crypto.h presence
configure:7627: gcc -E  conftest.c
conftest.c:55:10: fatal error: 'openssl/crypto.h' file not found
#include <openssl/crypto.h>
         ^~~~~~~~~~~~~~~~~~
1 error generated.
configure:7627: $? = 1
configure: failed program was:
| /* confdefs.h */
| #define PACKAGE_NAME "tcpdump"
| #define PACKAGE_TARNAME "tcpdump"
| #define PACKAGE_VERSION "4.99.1"
| #define PACKAGE_STRING "tcpdump 4.99.1"
| #define PACKAGE_BUGREPORT ""
| #define PACKAGE_URL ""
| #define inline inline
| #define STDC_HEADERS 1
| #define HAVE_SYS_TYPES_H 1
| #define HAVE_SYS_STAT_H 1
| #define HAVE_STDLIB_H 1
| #define HAVE_STRING_H 1
| #define HAVE_MEMORY_H 1
| #define HAVE_STRINGS_H 1
| #define HAVE_INTTYPES_H 1
| #define HAVE_STDINT_H 1
| #define HAVE_UNISTD_H 1
| #define HAVE_FCNTL_H 1
| #define HAVE_RPC_RPC_H 1
| #define HAVE_NET_IF_H 1
| #define HAVE_STRLCAT 1
| #define HAVE_STRLCPY 1
| #define HAVE_STRDUP 1
| #define HAVE_STRSEP 1
| #define HAVE_GETSERVENT 1
| #define HAVE_GETOPT_LONG 1
| #define HAVE_FORK 1
| #define HAVE_VFORK 1
| #define HAVE_STRFTIME 1
| #define HAVE_SETLINEBUF 1
| #define HAVE_GETRPCBYNUMBER 1
| #define HAVE_ETHER_NTOHOST 1
| #define HAVE_PCAP_LIST_DATALINKS 1
| #define HAVE_PCAP_FREE_DATALINKS 1
| #define HAVE_PCAP_DATALINK_NAME_TO_VAL 1
| #define HAVE_PCAP_DATALINK_VAL_TO_DESCRIPTION 1
| #define HAVE_PCAP_SET_DATALINK 1
| #define HAVE_PCAP_BREAKLOOP 1
| #define HAVE_PCAP_CREATE 1
| #define HAVE_PCAP_SET_TSTAMP_TYPE 1
| #define HAVE_PCAP_SET_TSTAMP_PRECISION 1
| #define HAVE_PCAP_FINDALLDEVS 1
| #define HAVE_PCAP_IF_T 1
| #define HAVE_PCAP_DUMP_FLUSH 1
| #define HAVE_PCAP_LIB_VERSION 1
| #define HAVE_PCAP_SETDIRECTION 1
| #define HAVE_PCAP_SET_IMMEDIATE_MODE 1
| #define HAVE_PCAP_DUMP_FTELL64 1
| #define HAVE_PCAP_DUMP_FTELL 1
| #define HAVE_BPF_DUMP 1
| #define HAVE_UINTPTR_T 1
| #define HAVE_PCAP_PCAP_INTTYPES_H 1
| /* end confdefs.h.  */
| #include <openssl/crypto.h>
configure:7627: result: no
configure:7627: checking for openssl/crypto.h
configure:7627: result: no
configure:7728: checking whether to use libcap-ng
configure:7754: result: yes, if available
configure:7760: checking for capng_change_id in -lcap-ng
configure:7785: gcc -o conftest -g -O2   conftest.c -lcap-ng  ../libpcap-1.10.1/libpcap.a   >&5
ld: library not found for -lcap-ng
clang: error: linker command failed with exit code 1 (use -v to see invocation)
configure:7785: $? = 1
configure: failed program was:
| /* confdefs.h */
| #define PACKAGE_NAME "tcpdump"
| #define PACKAGE_TARNAME "tcpdump"
| #define PACKAGE_VERSION "4.99.1"
| #define PACKAGE_STRING "tcpdump 4.99.1"
| #define PACKAGE_BUGREPORT ""
| #define PACKAGE_URL ""
| #define inline inline
| #define STDC_HEADERS 1
| #define HAVE_SYS_TYPES_H 1
| #define HAVE_SYS_STAT_H 1
| #define HAVE_STDLIB_H 1
| #define HAVE_STRING_H 1
| #define HAVE_MEMORY_H 1
| #define HAVE_STRINGS_H 1
| #define HAVE_INTTYPES_H 1
| #define HAVE_STDINT_H 1
| #define HAVE_UNISTD_H 1
| #define HAVE_FCNTL_H 1
| #define HAVE_RPC_RPC_H 1
| #define HAVE_NET_IF_H 1
| #define HAVE_STRLCAT 1
| #define HAVE_STRLCPY 1
| #define HAVE_STRDUP 1
| #define HAVE_STRSEP 1
| #define HAVE_GETSERVENT 1
| #define HAVE_GETOPT_LONG 1
| #define HAVE_FORK 1
| #define HAVE_VFORK 1
| #define HAVE_STRFTIME 1
| #define HAVE_SETLINEBUF 1
| #define HAVE_GETRPCBYNUMBER 1
| #define HAVE_ETHER_NTOHOST 1
| #define HAVE_PCAP_LIST_DATALINKS 1
| #define HAVE_PCAP_FREE_DATALINKS 1
| #define HAVE_PCAP_DATALINK_NAME_TO_VAL 1
| #define HAVE_PCAP_DATALINK_VAL_TO_DESCRIPTION 1
| #define HAVE_PCAP_SET_DATALINK 1
| #define HAVE_PCAP_BREAKLOOP 1
| #define HAVE_PCAP_CREATE 1
| #define HAVE_PCAP_SET_TSTAMP_TYPE 1
| #define HAVE_PCAP_SET_TSTAMP_PRECISION 1
| #define HAVE_PCAP_FINDALLDEVS 1
| #define HAVE_PCAP_IF_T 1
| #define HAVE_PCAP_DUMP_FLUSH 1
| #define HAVE_PCAP_LIB_VERSION 1
| #define HAVE_PCAP_SETDIRECTION 1
| #define HAVE_PCAP_SET_IMMEDIATE_MODE 1
| #define HAVE_PCAP_DUMP_FTELL64 1
| #define HAVE_PCAP_DUMP_FTELL 1
| #define HAVE_BPF_DUMP 1
| #define HAVE_UINTPTR_T 1
| #define HAVE_PCAP_PCAP_INTTYPES_H 1
| /* end confdefs.h.  */
| 
| /* Override any GCC internal prototype to avoid an error.
|    Use char because int might match the return type of a GCC
|    builtin and then its argument prototype would still apply.  */
| #ifdef __cplusplus
| extern "C"
| #endif
| char capng_change_id ();
| int
| main ()
| {
| return capng_change_id ();
|   ;
|   return 0;
| }
configure:7794: result: no
configure:7807: checking cap-ng.h usability
configure:7807: gcc -c -g -O2  conftest.c >&5
conftest.c:88:10: fatal error: 'cap-ng.h' file not found
#include <cap-ng.h>
         ^~~~~~~~~~
1 error generated.
configure:7807: $? = 1
configure: failed program was:
| /* confdefs.h */
| #define PACKAGE_NAME "tcpdump"
| #define PACKAGE_TARNAME "tcpdump"
| #define PACKAGE_VERSION "4.99.1"
| #define PACKAGE_STRING "tcpdump 4.99.1"
| #define PACKAGE_BUGREPORT ""
| #define PACKAGE_URL ""
| #define inline inline
| #define STDC_HEADERS 1
| #define HAVE_SYS_TYPES_H 1
| #define HAVE_SYS_STAT_H 1
| #define HAVE_STDLIB_H 1
| #define HAVE_STRING_H 1
| #define HAVE_MEMORY_H 1
| #define HAVE_STRINGS_H 1
| #define HAVE_INTTYPES_H 1
| #define HAVE_STDINT_H 1
| #define HAVE_UNISTD_H 1
| #define HAVE_FCNTL_H 1
| #define HAVE_RPC_RPC_H 1
| #define HAVE_NET_IF_H 1
| #define HAVE_STRLCAT 1
| #define HAVE_STRLCPY 1
| #define HAVE_STRDUP 1
| #define HAVE_STRSEP 1
| #define HAVE_GETSERVENT 1
| #define HAVE_GETOPT_LONG 1
| #define HAVE_FORK 1
| #define HAVE_VFORK 1
| #define HAVE_STRFTIME 1
| #define HAVE_SETLINEBUF 1
| #define HAVE_GETRPCBYNUMBER 1
| #define HAVE_ETHER_NTOHOST 1
| #define HAVE_PCAP_LIST_DATALINKS 1
| #define HAVE_PCAP_FREE_DATALINKS 1
| #define HAVE_PCAP_DATALINK_NAME_TO_VAL 1
| #define HAVE_PCAP_DATALINK_VAL_TO_DESCRIPTION 1
| #define HAVE_PCAP_SET_DATALINK 1
| #define HAVE_PCAP_BREAKLOOP 1
| #define HAVE_PCAP_CREATE 1
| #define HAVE_PCAP_SET_TSTAMP_TYPE 1
| #define HAVE_PCAP_SET_TSTAMP_PRECISION 1
| #define HAVE_PCAP_FINDALLDEVS 1
| #define HAVE_PCAP_IF_T 1
| #define HAVE_PCAP_DUMP_FLUSH 1
| #define HAVE_PCAP_LIB_VERSION 1
| #define HAVE_PCAP_SETDIRECTION 1
| #define HAVE_PCAP_SET_IMMEDIATE_MODE 1
| #define HAVE_PCAP_DUMP_FTELL64 1
| #define HAVE_PCAP_DUMP_FTELL 1
| #define HAVE_BPF_DUMP 1
| #define HAVE_UINTPTR_T 1
| #define HAVE_PCAP_PCAP_INTTYPES_H 1
| /* end confdefs.h.  */
| #include <stdio.h>
| #ifdef HAVE_SYS_TYPES_H
| # include <sys/types.h>
| #endif
| #ifdef HAVE_SYS_STAT_H
| # include <sys/stat.h>
| #endif
| #ifdef STDC_HEADERS
| # include <stdlib.h>
| # include <stddef.h>
| #else
| # ifdef HAVE_STDLIB_H
| #  include <stdlib.h>
| # endif
| #endif
| #ifdef HAVE_STRING_H
| # if !defined STDC_HEADERS && defined HAVE_MEMORY_H
| #  include <memory.h>
| # endif
| # include <string.h>
| #endif
| #ifdef HAVE_STRINGS_H
| # include <strings.h>
| #endif
| #ifdef HAVE_INTTYPES_H
| # include <inttypes.h>
| #endif
| #ifdef HAVE_STDINT_H
| # include <stdint.h>
| #endif
| #ifdef HAVE_UNISTD_H
| # include <unistd.h>
| #endif
| #include <cap-ng.h>
configure:7807: result: no
configure:7807: checking cap-ng.h presence
configure:7807: gcc -E  conftest.c
conftest.c:55:10: fatal error: 'cap-ng.h' file not found
#include <cap-ng.h>
         ^~~~~~~~~~
1 error generated.
configure:7807: $? = 1
configure: failed program was:
| /* confdefs.h */
| #define PACKAGE_NAME "tcpdump"
| #define PACKAGE_TARNAME "tcpdump"
| #define PACKAGE_VERSION "4.99.1"
| #define PACKAGE_STRING "tcpdump 4.99.1"
| #define PACKAGE_BUGREPORT ""
| #define PACKAGE_URL ""
| #define inline inline
| #define STDC_HEADERS 1
| #define HAVE_SYS_TYPES_H 1
| #define HAVE_SYS_STAT_H 1
| #define HAVE_STDLIB_H 1
| #define HAVE_STRING_H 1
| #define HAVE_MEMORY_H 1
| #define HAVE_STRINGS_H 1
| #define HAVE_INTTYPES_H 1
| #define HAVE_STDINT_H 1
| #define HAVE_UNISTD_H 1
| #define HAVE_FCNTL_H 1
| #define HAVE_RPC_RPC_H 1
| #define HAVE_NET_IF_H 1
| #define HAVE_STRLCAT 1
| #define HAVE_STRLCPY 1
| #define HAVE_STRDUP 1
| #define HAVE_STRSEP 1
| #define HAVE_GETSERVENT 1
| #define HAVE_GETOPT_LONG 1
| #define HAVE_FORK 1
| #define HAVE_VFORK 1
| #define HAVE_STRFTIME 1
| #define HAVE_SETLINEBUF 1
| #define HAVE_GETRPCBYNUMBER 1
| #define HAVE_ETHER_NTOHOST 1
| #define HAVE_PCAP_LIST_DATALINKS 1
| #define HAVE_PCAP_FREE_DATALINKS 1
| #define HAVE_PCAP_DATALINK_NAME_TO_VAL 1
| #define HAVE_PCAP_DATALINK_VAL_TO_DESCRIPTION 1
| #define HAVE_PCAP_SET_DATALINK 1
| #define HAVE_PCAP_BREAKLOOP 1
| #define HAVE_PCAP_CREATE 1
| #define HAVE_PCAP_SET_TSTAMP_TYPE 1
| #define HAVE_PCAP_SET_TSTAMP_PRECISION 1
| #define HAVE_PCAP_FINDALLDEVS 1
| #define HAVE_PCAP_IF_T 1
| #define HAVE_PCAP_DUMP_FLUSH 1
| #define HAVE_PCAP_LIB_VERSION 1
| #define HAVE_PCAP_SETDIRECTION 1
| #define HAVE_PCAP_SET_IMMEDIATE_MODE 1
| #define HAVE_PCAP_DUMP_FTELL64 1
| #define HAVE_PCAP_DUMP_FTELL 1
| #define HAVE_BPF_DUMP 1
| #define HAVE_UINTPTR_T 1
| #define HAVE_PCAP_PCAP_INTTYPES_H 1
| /* end confdefs.h.  */
| #include <cap-ng.h>
configure:7807: result: no
configure:7807: checking for cap-ng.h
configure:7807: result: no
configure:7847: checking for a BSD-compatible install
configure:7915: result: /usr/bin/install -c
configure:8048: creating ./config.status

## ---------------------- ##
## Running config.status. ##
## ---------------------- ##

This file was extended by tcpdump config.status 4.99.1, which was
generated by GNU Autoconf 2.69.  Invocation command line was

  CONFIG_FILES    = 
  CONFIG_HEADERS  = 
  CONFIG_LINKS    = 
  CONFIG_COMMANDS = 
  $ ./config.status 

on lubet12

config.status:873: creating Makefile
config.status:873: creating tcpdump.1
config.status:873: creating config.h
config.status:1062: executing default-1 commands

## ---------------- ##
## Cache variables. ##
## ---------------- ##

ac_cv_buggy_ether_ntohost=yes
ac_cv_build=x86_64-apple-darwin21.1.0
ac_cv_c_compiler_gnu=yes
ac_cv_env_CC_set=
ac_cv_env_CC_value=
ac_cv_env_CFLAGS_set=
ac_cv_env_CFLAGS_value=
ac_cv_env_CPPFLAGS_set=
ac_cv_env_CPPFLAGS_value=
ac_cv_env_CPP_set=
ac_cv_env_CPP_value=
ac_cv_env_LDFLAGS_set=
ac_cv_env_LDFLAGS_value=
ac_cv_env_LIBS_set=
ac_cv_env_LIBS_value=
ac_cv_env_build_alias_set=
ac_cv_env_build_alias_value=
ac_cv_env_host_alias_set=
ac_cv_env_host_alias_value=
ac_cv_env_target_alias_set=
ac_cv_env_target_alias_value=
ac_cv_func_bpf_dump=yes
ac_cv_func_ether_ntohost=yes
ac_cv_func_fork=yes
ac_cv_func_getopt_long=yes
ac_cv_func_getservent=yes
ac_cv_func_pcap_breakloop=yes
ac_cv_func_pcap_create=yes
ac_cv_func_pcap_datalink_name_to_val=yes
ac_cv_func_pcap_datalink_val_to_description=yes
ac_cv_func_pcap_dump_flush=yes
ac_cv_func_pcap_dump_ftell64=yes
ac_cv_func_pcap_dump_ftell=yes
ac_cv_func_pcap_findalldevs=yes
ac_cv_func_pcap_findalldevs_ex=no
ac_cv_func_pcap_free_datalinks=yes
ac_cv_func_pcap_lib_version=yes
ac_cv_func_pcap_list_datalinks=yes
ac_cv_func_pcap_loop=yes
ac_cv_func_pcap_open=no
ac_cv_func_pcap_set_datalink=yes
ac_cv_func_pcap_set_immediate_mode=yes
ac_cv_func_pcap_set_optimizer_debug=no
ac_cv_func_pcap_set_parser_debug=no
ac_cv_func_pcap_set_tstamp_precision=yes
ac_cv_func_pcap_set_tstamp_type=yes
ac_cv_func_pcap_setdirection=yes
ac_cv_func_setlinebuf=yes
ac_cv_func_snprintf=yes
ac_cv_func_strdup=yes
ac_cv_func_strftime=yes
ac_cv_func_strlcat=yes
ac_cv_func_strlcpy=yes
ac_cv_func_strsep=yes
ac_cv_func_vfork=yes
ac_cv_func_vsnprintf=yes
ac_cv_header_cap_ng_h=no
ac_cv_header_fcntl_h=yes
ac_cv_header_inttypes_h=yes
ac_cv_header_memory_h=yes
ac_cv_header_net_if_h=yes
ac_cv_header_net_pfvar_h=no
ac_cv_header_openssl_crypto_h=no
ac_cv_header_pcap_pcap_inttypes_h=yes
ac_cv_header_rpc_rpc_h=yes
ac_cv_header_rpc_rpcent_h=no
ac_cv_header_smi_h=no
ac_cv_header_stdc=yes
ac_cv_header_stdint_h=yes
ac_cv_header_stdlib_h=yes
ac_cv_header_string_h=yes
ac_cv_header_strings_h=yes
ac_cv_header_sys_stat_h=yes
ac_cv_header_sys_types_h=yes
ac_cv_header_unistd_h=yes
ac_cv_host=x86_64-apple-darwin21.1.0
ac_cv_lbl_inline=inline
ac_cv_lib_cap_ng_capng_change_id=no
ac_cv_lib_rpc_main=no
ac_cv_objext=o
ac_cv_path_EGREP='/usr/bin/grep -E'
ac_cv_path_GREP=/usr/bin/grep
ac_cv_path_PCAP_CONFIG=../libpcap-1.10.1/pcap-config
ac_cv_path_install='/usr/bin/install -c'
ac_cv_prog_CPP='gcc -E'
ac_cv_prog_ac_ct_AR=ar
ac_cv_prog_ac_ct_CC=gcc
ac_cv_prog_ac_ct_RANLIB=ranlib
ac_cv_prog_cc_c89=
ac_cv_prog_cc_c99=
ac_cv_prog_cc_g=yes
ac_cv_search_gethostbyname='none required'
ac_cv_search_getrpcbynumber='none required'
ac_cv_search_putmsg=no
ac_cv_search_socket='none required'
ac_cv_type_pcap_if_t=yes
ac_cv_type_u_int16_t=yes
ac_cv_type_u_int32_t=yes
ac_cv_type_u_int64_t=yes
ac_cv_type_u_int8_t=yes
ac_cv_type_uintptr_t=yes
ac_lbl_cv_pcap_debug_defined=no
ac_lbl_cv_yydebug_defined=no

## ----------------- ##
## Output variables. ##
## ----------------- ##

AR='ar'
CC='gcc'
CFLAGS='-g -O2'
CPP='gcc -E'
CPPFLAGS=''
DEFS='-DHAVE_CONFIG_H'
DEPENDENCY_CFLAG=''
ECHO_C='\c'
ECHO_N=''
ECHO_T=''
EGREP='/usr/bin/grep -E'
EXEEXT=''
GREP='/usr/bin/grep'
INSTALL_DATA='${INSTALL} -m 644'
INSTALL_PROGRAM='${INSTALL}'
INSTALL_SCRIPT='${INSTALL}'
LDFLAGS=''
LIBOBJS=''
LIBS='../libpcap-1.10.1/libpcap.a  '
LOCALSRC=''
LTLIBOBJS=''
MAN_FILE_FORMATS='5'
MAN_MISC_INFO='7'
MKDEP=''
OBJEXT='o'
PACKAGE_BUGREPORT=''
PACKAGE_NAME='tcpdump'
PACKAGE_STRING='tcpdump 4.99.1'
PACKAGE_TARNAME='tcpdump'
PACKAGE_URL=''
PACKAGE_VERSION='4.99.1'
PATH_SEPARATOR=':'
PCAP_CONFIG='../libpcap-1.10.1/pcap-config'
PKG_CONFIG=''
RANLIB='ranlib'
SHELL='/bin/sh'
SHLICC2=''
V_CCOPT=''
V_DEFS=''
V_GROUP='wheel'
V_INCLS='-I../libpcap-1.10.1 '
V_PCAPDEP='../libpcap-1.10.1/libpcap.a'
ac_ct_CC='gcc'
bindir='${exec_prefix}/bin'
build='x86_64-apple-darwin21.1.0'
build_alias=''
build_cpu='x86_64'
build_os='darwin21.1.0'
build_vendor='apple'
datadir='${datarootdir}'
datarootdir='${prefix}/share'
docdir='${datarootdir}/doc/${PACKAGE_TARNAME}'
dvidir='${docdir}'
exec_prefix='${prefix}'
host='x86_64-apple-darwin21.1.0'
host_alias=''
host_cpu='x86_64'
host_os='darwin21.1.0'
host_vendor='apple'
htmldir='${docdir}'
includedir='${prefix}/include'
infodir='${datarootdir}/info'
libdir='${exec_prefix}/lib'
libexecdir='${exec_prefix}/libexec'
localedir='${datarootdir}/locale'
localstatedir='${prefix}/var'
mandir='${datarootdir}/man'
oldincludedir='/usr/include'
pdfdir='${docdir}'
prefix='/usr/local'
program_transform_name='s,x,x,'
psdir='${docdir}'
runstatedir='${localstatedir}/run'
sbindir='${exec_prefix}/sbin'
sharedstatedir='${prefix}/com'
sysconfdir='${prefix}/etc'
target_alias=''

## ----------- ##
## confdefs.h. ##
## ----------- ##

/* confdefs.h */
#define PACKAGE_NAME "tcpdump"
#define PACKAGE_TARNAME "tcpdump"
#define PACKAGE_VERSION "4.99.1"
#define PACKAGE_STRING "tcpdump 4.99.1"
#define PACKAGE_BUGREPORT ""
#define PACKAGE_URL ""
#define inline inline
#define STDC_HEADERS 1
#define HAVE_SYS_TYPES_H 1
#define HAVE_SYS_STAT_H 1
#define HAVE_STDLIB_H 1
#define HAVE_STRING_H 1
#define HAVE_MEMORY_H 1
#define HAVE_STRINGS_H 1
#define HAVE_INTTYPES_H 1
#define HAVE_STDINT_H 1
#define HAVE_UNISTD_H 1
#define HAVE_FCNTL_H 1
#define HAVE_RPC_RPC_H 1
#define HAVE_NET_IF_H 1
#define HAVE_STRLCAT 1
#define HAVE_STRLCPY 1
#define HAVE_STRDUP 1
#define HAVE_STRSEP 1
#define HAVE_GETSERVENT 1
#define HAVE_GETOPT_LONG 1
#define HAVE_FORK 1
#define HAVE_VFORK 1
#define HAVE_STRFTIME 1
#define HAVE_SETLINEBUF 1
#define HAVE_GETRPCBYNUMBER 1
#define HAVE_ETHER_NTOHOST 1
#define HAVE_PCAP_LIST_DATALINKS 1
#define HAVE_PCAP_FREE_DATALINKS 1
#define HAVE_PCAP_DATALINK_NAME_TO_VAL 1
#define HAVE_PCAP_DATALINK_VAL_TO_DESCRIPTION 1
#define HAVE_PCAP_SET_DATALINK 1
#define HAVE_PCAP_BREAKLOOP 1
#define HAVE_PCAP_CREATE 1
#define HAVE_PCAP_SET_TSTAMP_TYPE 1
#define HAVE_PCAP_SET_TSTAMP_PRECISION 1
#define HAVE_PCAP_FINDALLDEVS 1
#define HAVE_PCAP_IF_T 1
#define HAVE_PCAP_DUMP_FLUSH 1
#define HAVE_PCAP_LIB_VERSION 1
#define HAVE_PCAP_SETDIRECTION 1
#define HAVE_PCAP_SET_IMMEDIATE_MODE 1
#define HAVE_PCAP_DUMP_FTELL64 1
#define HAVE_PCAP_DUMP_FTELL 1
#define HAVE_BPF_DUMP 1
#define HAVE_UINTPTR_T 1
#define HAVE_PCAP_PCAP_INTTYPES_H 1

configure: exit 0
